{"/home/travis/build/npmtest/node-npmtest-trails/test.js":{"path":"/home/travis/build/npmtest/node-npmtest-trails/test.js","s":{"1":2,"2":2,"3":2,"4":2,"5":2,"6":2,"7":2,"8":1,"9":2,"10":2,"11":1,"12":1,"13":1,"14":1,"15":2,"16":2,"17":2,"18":2,"19":1,"20":1,"21":2,"22":2,"23":2,"24":1,"25":1,"26":1,"27":1,"28":1,"29":1,"30":1,"31":1,"32":1,"33":1,"34":1,"35":1,"36":1,"37":1,"38":1,"39":2,"40":2,"41":1,"42":2,"43":2,"44":1,"45":2,"46":2,"47":1,"48":2,"49":2,"50":1,"51":1,"52":1,"53":1,"54":1},"b":{"1":[2,1,1,1],"2":[1,1,1,1],"3":[1,1],"4":[1,1],"5":[1,1],"6":[1,1],"7":[1,1],"8":[1,1],"9":[1,1],"10":[1,1,1],"11":[1,1],"12":[1,1],"13":[1,1],"14":[1,1],"15":[1,1],"16":[1,1],"17":[1,1]},"f":{"1":2,"2":2,"3":2,"4":2,"5":2,"6":1,"7":1,"8":1,"9":2,"10":2,"11":2,"12":2,"13":1},"fnMap":{"1":{"name":"(anonymous_1)","line":12,"loc":{"start":{"line":12,"column":1},"end":{"line":12,"column":13}}},"2":{"name":"(anonymous_2)","line":19,"loc":{"start":{"line":19,"column":5},"end":{"line":19,"column":17}}},"3":{"name":"(anonymous_3)","line":23,"loc":{"start":{"line":23,"column":24},"end":{"line":23,"column":36}}},"4":{"name":"(anonymous_4)","line":61,"loc":{"start":{"line":61,"column":5},"end":{"line":61,"column":17}}},"5":{"name":"(anonymous_5)","line":82,"loc":{"start":{"line":82,"column":5},"end":{"line":82,"column":17}}},"6":{"name":"(anonymous_6)","line":91,"loc":{"start":{"line":91,"column":77},"end":{"line":94,"column":10}}},"7":{"name":"(anonymous_7)","line":112,"loc":{"start":{"line":112,"column":83},"end":{"line":115,"column":10}},"skip":true},"8":{"name":"(anonymous_8)","line":123,"loc":{"start":{"line":123,"column":77},"end":{"line":126,"column":10}},"skip":true},"9":{"name":"(anonymous_9)","line":139,"loc":{"start":{"line":139,"column":12},"end":{"line":139,"column":40}},"skip":true},"10":{"name":"(anonymous_10)","line":147,"loc":{"start":{"line":147,"column":77},"end":{"line":150,"column":10}},"skip":true},"11":{"name":"(anonymous_11)","line":158,"loc":{"start":{"line":158,"column":83},"end":{"line":161,"column":10}},"skip":true},"12":{"name":"(anonymous_12)","line":169,"loc":{"start":{"line":169,"column":79},"end":{"line":172,"column":10}},"skip":true},"13":{"name":"(anonymous_13)","line":180,"loc":{"start":{"line":180,"column":75},"end":{"line":183,"column":10}},"skip":true}},"statementMap":{"1":{"start":{"line":12,"column":0},"end":{"line":195,"column":5}},"2":{"start":{"line":14,"column":4},"end":{"line":14,"column":14}},"3":{"start":{"line":19,"column":4},"end":{"line":56,"column":9}},"4":{"start":{"line":21,"column":8},"end":{"line":21,"column":19}},"5":{"start":{"line":23,"column":8},"end":{"line":35,"column":13}},"6":{"start":{"line":24,"column":12},"end":{"line":34,"column":13}},"7":{"start":{"line":25,"column":16},"end":{"line":28,"column":30}},"8":{"start":{"line":30,"column":16},"end":{"line":33,"column":27}},"9":{"start":{"line":37,"column":8},"end":{"line":39,"column":21}},"10":{"start":{"line":40,"column":8},"end":{"line":53,"column":9}},"11":{"start":{"line":43,"column":12},"end":{"line":46,"column":14}},"12":{"start":{"line":47,"column":12},"end":{"line":47,"column":18}},"13":{"start":{"line":50,"column":12},"end":{"line":51,"column":33}},"14":{"start":{"line":52,"column":12},"end":{"line":52,"column":18}},"15":{"start":{"line":55,"column":8},"end":{"line":55,"column":35}},"16":{"start":{"line":61,"column":4},"end":{"line":63,"column":9}},"17":{"start":{"line":62,"column":8},"end":{"line":62,"column":15}},"18":{"start":{"line":64,"column":4},"end":{"line":77,"column":5}},"19":{"start":{"line":70,"column":8},"end":{"line":70,"column":14}},"20":{"start":{"line":76,"column":8},"end":{"line":76,"column":14}},"21":{"start":{"line":82,"column":4},"end":{"line":84,"column":9}},"22":{"start":{"line":83,"column":8},"end":{"line":83,"column":15}},"23":{"start":{"line":85,"column":4},"end":{"line":194,"column":5}},"24":{"start":{"line":91,"column":8},"end":{"line":99,"column":10}},"25":{"start":{"line":98,"column":12},"end":{"line":98,"column":35}},"26":{"start":{"line":102,"column":8},"end":{"line":104,"column":63}},"27":{"start":{"line":105,"column":8},"end":{"line":105,"column":14}},"28":{"start":{"line":112,"column":8},"end":{"line":121,"column":10},"skip":true},"29":{"start":{"line":119,"column":12},"end":{"line":119,"column":55},"skip":true},"30":{"start":{"line":120,"column":12},"end":{"line":120,"column":48},"skip":true},"31":{"start":{"line":123,"column":8},"end":{"line":136,"column":10},"skip":true},"32":{"start":{"line":130,"column":12},"end":{"line":130,"column":76},"skip":true},"33":{"start":{"line":131,"column":12},"end":{"line":131,"column":73},"skip":true},"34":{"start":{"line":132,"column":12},"end":{"line":132,"column":74},"skip":true},"35":{"start":{"line":133,"column":12},"end":{"line":133,"column":79},"skip":true},"36":{"start":{"line":134,"column":12},"end":{"line":134,"column":25},"skip":true},"37":{"start":{"line":135,"column":12},"end":{"line":135,"column":45},"skip":true},"38":{"start":{"line":138,"column":8},"end":{"line":145,"column":14},"skip":true},"39":{"start":{"line":143,"column":16},"end":{"line":143,"column":29},"skip":true},"40":{"start":{"line":144,"column":16},"end":{"line":144,"column":55},"skip":true},"41":{"start":{"line":147,"column":8},"end":{"line":156,"column":10},"skip":true},"42":{"start":{"line":154,"column":12},"end":{"line":154,"column":25},"skip":true},"43":{"start":{"line":155,"column":12},"end":{"line":155,"column":45},"skip":true},"44":{"start":{"line":158,"column":8},"end":{"line":167,"column":10},"skip":true},"45":{"start":{"line":165,"column":12},"end":{"line":165,"column":25},"skip":true},"46":{"start":{"line":166,"column":12},"end":{"line":166,"column":48},"skip":true},"47":{"start":{"line":169,"column":8},"end":{"line":178,"column":10},"skip":true},"48":{"start":{"line":176,"column":12},"end":{"line":176,"column":25},"skip":true},"49":{"start":{"line":177,"column":12},"end":{"line":177,"column":46},"skip":true},"50":{"start":{"line":180,"column":8},"end":{"line":189,"column":10},"skip":true},"51":{"start":{"line":187,"column":12},"end":{"line":187,"column":94},"skip":true},"52":{"start":{"line":188,"column":12},"end":{"line":188,"column":48},"skip":true},"53":{"start":{"line":192,"column":8},"end":{"line":192,"column":35},"skip":true},"54":{"start":{"line":193,"column":8},"end":{"line":193,"column":14},"skip":true}},"branchMap":{"1":{"line":25,"type":"binary-expr","locations":[{"start":{"line":25,"column":23},"end":{"line":25,"column":62}},{"start":{"line":26,"column":20},"end":{"line":26,"column":70}},{"start":{"line":27,"column":20},"end":{"line":27,"column":71}},{"start":{"line":28,"column":20},"end":{"line":28,"column":29}}]},"2":{"line":30,"type":"binary-expr","locations":[{"start":{"line":30,"column":23},"end":{"line":30,"column":37}},{"start":{"line":31,"column":20},"end":{"line":31,"column":61}},{"start":{"line":32,"column":20},"end":{"line":32,"column":70}},{"start":{"line":33,"column":20},"end":{"line":33,"column":26}}]},"3":{"line":37,"type":"cond-expr","locations":[{"start":{"line":38,"column":14},"end":{"line":38,"column":20}},{"start":{"line":39,"column":14},"end":{"line":39,"column":20}}]},"4":{"line":40,"type":"switch","locations":[{"start":{"line":42,"column":8},"end":{"line":47,"column":18}},{"start":{"line":49,"column":8},"end":{"line":52,"column":18}}]},"5":{"line":44,"type":"binary-expr","locations":[{"start":{"line":44,"column":16},"end":{"line":44,"column":44}},{"start":{"line":44,"column":48},"end":{"line":44,"column":66}}]},"6":{"line":50,"type":"binary-expr","locations":[{"start":{"line":50,"column":21},"end":{"line":50,"column":49}},{"start":{"line":50,"column":53},"end":{"line":50,"column":72}}]},"7":{"line":64,"type":"switch","locations":[{"start":{"line":69,"column":4},"end":{"line":70,"column":14}},{"start":{"line":75,"column":4},"end":{"line":76,"column":14}}]},"8":{"line":85,"type":"switch","locations":[{"start":{"line":90,"column":4},"end":{"line":105,"column":14}},{"start":{"line":111,"column":4},"end":{"line":193,"column":14},"skip":true}]},"9":{"line":91,"type":"binary-expr","locations":[{"start":{"line":91,"column":42},"end":{"line":91,"column":73}},{"start":{"line":91,"column":77},"end":{"line":99,"column":9}}]},"10":{"line":102,"type":"binary-expr","locations":[{"start":{"line":102,"column":18},"end":{"line":102,"column":32}},{"start":{"line":103,"column":12},"end":{"line":103,"column":53}},{"start":{"line":104,"column":12},"end":{"line":104,"column":61}}]},"11":{"line":112,"type":"binary-expr","locations":[{"start":{"line":112,"column":45},"end":{"line":112,"column":79},"skip":true},{"start":{"line":112,"column":83},"end":{"line":121,"column":9},"skip":true}]},"12":{"line":123,"type":"binary-expr","locations":[{"start":{"line":123,"column":42},"end":{"line":123,"column":73},"skip":true},{"start":{"line":123,"column":77},"end":{"line":136,"column":9},"skip":true}]},"13":{"line":138,"type":"binary-expr","locations":[{"start":{"line":138,"column":48},"end":{"line":138,"column":85},"skip":true},{"start":{"line":139,"column":12},"end":{"line":145,"column":13},"skip":true}]},"14":{"line":147,"type":"binary-expr","locations":[{"start":{"line":147,"column":42},"end":{"line":147,"column":73},"skip":true},{"start":{"line":147,"column":77},"end":{"line":156,"column":9},"skip":true}]},"15":{"line":158,"type":"binary-expr","locations":[{"start":{"line":158,"column":45},"end":{"line":158,"column":79},"skip":true},{"start":{"line":158,"column":83},"end":{"line":167,"column":9},"skip":true}]},"16":{"line":169,"type":"binary-expr","locations":[{"start":{"line":169,"column":43},"end":{"line":169,"column":75},"skip":true},{"start":{"line":169,"column":79},"end":{"line":178,"column":9},"skip":true}]},"17":{"line":180,"type":"binary-expr","locations":[{"start":{"line":180,"column":41},"end":{"line":180,"column":71},"skip":true},{"start":{"line":180,"column":75},"end":{"line":189,"column":9},"skip":true}]}},"code":["/* istanbul instrument in package npmtest_trails */","/*jslint","    bitwise: true,","    browser: true,","    maxerr: 8,","    maxlen: 96,","    node: true,","    nomen: true,","    regexp: true,","    stupid: true","*/","(function () {","    'use strict';","    var local;","","","","    // run shared js-env code - pre-init","    (function () {","        // init local","        local = {};","        // init modeJs","        local.modeJs = (function () {","            try {","                return typeof navigator.userAgent === 'string' &&","                    typeof document.querySelector('body') === 'object' &&","                    typeof XMLHttpRequest.prototype.open === 'function' &&","                    'browser';","            } catch (errorCaughtBrowser) {","                return module.exports &&","                    typeof process.versions.node === 'string' &&","                    typeof require('http').createServer === 'function' &&","                    'node';","            }","        }());","        // init global","        local.global = local.modeJs === 'browser'","            ? window","            : global;","        switch (local.modeJs) {","        // re-init local from window.local","        case 'browser':","            local = local.global.utility2.objectSetDefault(","                local.global.utility2_rollup || local.global.local,","                local.global.utility2","            );","            break;","        // re-init local from example.js","        case 'node':","            local = (local.global.utility2_rollup || require('utility2'))","                .requireReadme();","            break;","        }","        // export local","        local.global.local = local;","    }());","","","","    // run shared js-env code - function","    (function () {","        return;","    }());","    switch (local.modeJs) {","","","","    // run browser js-env code - function","    case 'browser':","        break;","","","","    // run node js-env code - function","    case 'node':","        break;","    }","","","","    // run shared js-env code - post-init","    (function () {","        return;","    }());","    switch (local.modeJs) {","","","","    // run browser js-env code - post-init","    case 'browser':","        local.testCase_browser_nullCase = local.testCase_browser_nullCase || function (","            options,","            onError","        ) {","        /*","         * this function will test browsers's null-case handling-behavior-behavior","         */","            onError(null, options);","        };","","        // run tests","        local.nop(local.modeTest &&","            document.querySelector('#testRunButton1') &&","            document.querySelector('#testRunButton1').click());","        break;","","","","    // run node js-env code - post-init","    /* istanbul ignore next */","    case 'node':","        local.testCase_buildApidoc_default = local.testCase_buildApidoc_default || function (","            options,","            onError","        ) {","        /*","         * this function will test buildApidoc's default handling-behavior-behavior","         */","            options = { modulePathList: module.paths };","            local.buildApidoc(options, onError);","        };","","        local.testCase_buildApp_default = local.testCase_buildApp_default || function (","            options,","            onError","        ) {","        /*","         * this function will test buildApp's default handling-behavior-behavior","         */","            local.testCase_buildReadme_default(options, local.onErrorThrow);","            local.testCase_buildLib_default(options, local.onErrorThrow);","            local.testCase_buildTest_default(options, local.onErrorThrow);","            local.testCase_buildCustomOrg_default(options, local.onErrorThrow);","            options = [];","            local.buildApp(options, onError);","        };","","        local.testCase_buildCustomOrg_default = local.testCase_buildCustomOrg_default ||","            function (options, onError) {","            /*","             * this function will test buildCustomOrg's default handling-behavior","             */","                options = {};","                local.buildCustomOrg(options, onError);","            };","","        local.testCase_buildLib_default = local.testCase_buildLib_default || function (","            options,","            onError","        ) {","        /*","         * this function will test buildLib's default handling-behavior","         */","            options = {};","            local.buildLib(options, onError);","        };","","        local.testCase_buildReadme_default = local.testCase_buildReadme_default || function (","            options,","            onError","        ) {","        /*","         * this function will test buildReadme's default handling-behavior-behavior","         */","            options = {};","            local.buildReadme(options, onError);","        };","","        local.testCase_buildTest_default = local.testCase_buildTest_default || function (","            options,","            onError","        ) {","        /*","         * this function will test buildTest's default handling-behavior","         */","            options = {};","            local.buildTest(options, onError);","        };","","        local.testCase_webpage_default = local.testCase_webpage_default || function (","            options,","            onError","        ) {","        /*","         * this function will test webpage's default handling-behavior","         */","            options = { modeCoverageMerge: true, url: local.serverLocalHost + '?modeTest=1' };","            local.browserTest(options, onError);","        };","","        // run test-server","        local.testRunServer(local);","        break;","    }","}());",""],"l":{"12":2,"14":2,"19":2,"21":2,"23":2,"24":2,"25":2,"30":1,"37":2,"40":2,"43":1,"47":1,"50":1,"52":1,"55":2,"61":2,"62":2,"64":2,"70":1,"76":1,"82":2,"83":2,"85":2,"91":1,"98":1,"102":1,"105":1,"112":1,"119":1,"120":1,"123":1,"130":1,"131":1,"132":1,"133":1,"134":1,"135":1,"138":1,"143":2,"144":2,"147":1,"154":2,"155":2,"158":1,"165":2,"166":2,"169":1,"176":2,"177":2,"180":1,"187":1,"188":1,"192":1,"193":1}},"/home/travis/build/npmtest/node-npmtest-trails/lib.npmtest_trails.js":{"path":"/home/travis/build/npmtest/node-npmtest-trails/lib.npmtest_trails.js","s":{"1":2,"2":2,"3":2,"4":2,"5":2,"6":2,"7":2,"8":1,"9":2,"10":2,"11":2,"12":2,"13":1,"14":1,"15":1,"16":1},"b":{"1":[2,1,1,1],"2":[1,1,1,1],"3":[1,1],"4":[2,2],"5":[1,1]},"f":{"1":2,"2":2,"3":2},"fnMap":{"1":{"name":"(anonymous_1)","line":12,"loc":{"start":{"line":12,"column":1},"end":{"line":12,"column":13}}},"2":{"name":"(anonymous_2)","line":19,"loc":{"start":{"line":19,"column":5},"end":{"line":19,"column":17}}},"3":{"name":"(anonymous_3)","line":23,"loc":{"start":{"line":23,"column":24},"end":{"line":23,"column":36}}}},"statementMap":{"1":{"start":{"line":12,"column":0},"end":{"line":53,"column":5}},"2":{"start":{"line":14,"column":4},"end":{"line":14,"column":14}},"3":{"start":{"line":19,"column":4},"end":{"line":52,"column":9}},"4":{"start":{"line":21,"column":8},"end":{"line":21,"column":19}},"5":{"start":{"line":23,"column":8},"end":{"line":35,"column":13}},"6":{"start":{"line":24,"column":12},"end":{"line":34,"column":13}},"7":{"start":{"line":25,"column":16},"end":{"line":28,"column":30}},"8":{"start":{"line":30,"column":16},"end":{"line":33,"column":27}},"9":{"start":{"line":37,"column":8},"end":{"line":39,"column":21}},"10":{"start":{"line":41,"column":8},"end":{"line":41,"column":54}},"11":{"start":{"line":43,"column":8},"end":{"line":43,"column":51}},"12":{"start":{"line":45,"column":8},"end":{"line":51,"column":9}},"13":{"start":{"line":46,"column":12},"end":{"line":46,"column":57}},"14":{"start":{"line":48,"column":12},"end":{"line":48,"column":35}},"15":{"start":{"line":49,"column":12},"end":{"line":49,"column":49}},"16":{"start":{"line":50,"column":12},"end":{"line":50,"column":43}}},"branchMap":{"1":{"line":25,"type":"binary-expr","locations":[{"start":{"line":25,"column":23},"end":{"line":25,"column":62}},{"start":{"line":26,"column":20},"end":{"line":26,"column":70}},{"start":{"line":27,"column":20},"end":{"line":27,"column":71}},{"start":{"line":28,"column":20},"end":{"line":28,"column":29}}]},"2":{"line":30,"type":"binary-expr","locations":[{"start":{"line":30,"column":23},"end":{"line":30,"column":37}},{"start":{"line":31,"column":20},"end":{"line":31,"column":61}},{"start":{"line":32,"column":20},"end":{"line":32,"column":70}},{"start":{"line":33,"column":20},"end":{"line":33,"column":26}}]},"3":{"line":37,"type":"cond-expr","locations":[{"start":{"line":38,"column":14},"end":{"line":38,"column":20}},{"start":{"line":39,"column":14},"end":{"line":39,"column":20}}]},"4":{"line":41,"type":"binary-expr","locations":[{"start":{"line":41,"column":16},"end":{"line":41,"column":44}},{"start":{"line":41,"column":48},"end":{"line":41,"column":53}}]},"5":{"line":45,"type":"if","locations":[{"start":{"line":45,"column":8},"end":{"line":45,"column":8}},{"start":{"line":45,"column":8},"end":{"line":45,"column":8}}]}},"code":["/* istanbul instrument in package npmtest_trails */","/*jslint","    bitwise: true,","    browser: true,","    maxerr: 8,","    maxlen: 96,","    node: true,","    nomen: true,","    regexp: true,","    stupid: true","*/","(function () {","    'use strict';","    var local;","","","","    // run shared js-env code - pre-init","    (function () {","        // init local","        local = {};","        // init modeJs","        local.modeJs = (function () {","            try {","                return typeof navigator.userAgent === 'string' &&","                    typeof document.querySelector('body') === 'object' &&","                    typeof XMLHttpRequest.prototype.open === 'function' &&","                    'browser';","            } catch (errorCaughtBrowser) {","                return module.exports &&","                    typeof process.versions.node === 'string' &&","                    typeof require('http').createServer === 'function' &&","                    'node';","            }","        }());","        // init global","        local.global = local.modeJs === 'browser'","            ? window","            : global;","        // init utility2_rollup","        local = local.global.utility2_rollup || local;","        // init lib","        local.local = local.npmtest_trails = local;","        // init exports","        if (local.modeJs === 'browser') {","            local.global.utility2_npmtest_trails = local;","        } else {","            module.exports = local;","            module.exports.__dirname = __dirname;","            module.exports.module = module;","        }","    }());","}());",""],"l":{"12":2,"14":2,"19":2,"21":2,"23":2,"24":2,"25":2,"30":1,"37":2,"41":2,"43":2,"45":2,"46":1,"48":1,"49":1,"50":1}},"/home/travis/build/npmtest/node-npmtest-trails/example.js":{"path":"/home/travis/build/npmtest/node-npmtest-trails/example.js","s":{"1":2,"2":2,"3":2,"4":2,"5":2,"6":2,"7":2,"8":1,"9":2,"10":2,"11":2,"12":2,"13":1,"14":2,"15":2,"16":2,"17":2,"18":2,"19":0,"20":2,"21":1,"22":1,"23":1,"24":1,"25":1,"26":0,"27":0,"28":1,"29":1,"30":2,"31":0,"32":0,"33":0,"34":1,"35":2,"36":2,"37":3,"38":3,"39":3,"40":3,"41":0,"42":3,"43":3,"44":3,"45":1,"46":3,"47":1,"48":1,"49":1,"50":1,"51":1,"52":1,"53":1,"54":1,"55":1,"56":1,"57":0,"58":1,"59":6,"60":6,"61":1,"62":2,"63":0,"64":2,"65":1,"66":1,"67":0,"68":0,"69":0,"70":0,"71":0,"72":0,"73":0,"74":0,"75":0,"76":0,"77":0,"78":0,"79":0,"80":0,"81":0,"82":0,"83":0},"b":{"1":[2,1,1,1],"2":[1,1,1,1],"3":[1,1],"4":[2,2],"5":[1,1],"6":[1,1],"7":[2,0],"8":[2,1,1,1,1,1],"9":[0,2,0],"10":[1,1],"11":[2,1,1],"12":[1,0],"13":[0,2],"14":[2,0,0,0,0,0,0],"15":[0,3],"16":[3,0],"17":[1,1],"18":[0,1],"19":[1,2,0,2],"20":[1,0],"21":[1,1],"22":[0,0],"23":[0,0],"24":[0,0],"25":[0,0],"26":[0,0],"27":[0,0],"28":[0,0]},"f":{"1":2,"2":2,"3":2,"4":2,"5":2,"6":2,"7":3,"8":3,"9":3,"10":1,"11":6,"12":0},"fnMap":{"1":{"name":"(anonymous_1)","line":26,"loc":{"start":{"line":26,"column":1},"end":{"line":26,"column":13}}},"2":{"name":"(anonymous_2)","line":33,"loc":{"start":{"line":33,"column":5},"end":{"line":33,"column":17}}},"3":{"name":"(anonymous_3)","line":37,"loc":{"start":{"line":37,"column":24},"end":{"line":37,"column":36}}},"4":{"name":"(anonymous_4)","line":69,"loc":{"start":{"line":69,"column":31},"end":{"line":69,"column":48}},"skip":true},"5":{"name":"(anonymous_5)","line":78,"loc":{"start":{"line":78,"column":26},"end":{"line":78,"column":45}},"skip":true},"6":{"name":"(anonymous_6)","line":123,"loc":{"start":{"line":123,"column":33},"end":{"line":123,"column":48}},"skip":true},"7":{"name":"(anonymous_7)","line":125,"loc":{"start":{"line":125,"column":27},"end":{"line":125,"column":39}},"skip":true},"8":{"name":"(anonymous_8)","line":133,"loc":{"start":{"line":133,"column":59},"end":{"line":133,"column":74}},"skip":true},"9":{"name":"(anonymous_9)","line":143,"loc":{"start":{"line":143,"column":45},"end":{"line":143,"column":62}},"skip":true},"10":{"name":"(anonymous_10)","line":144,"loc":{"start":{"line":144,"column":73},"end":{"line":144,"column":92}},"skip":true},"11":{"name":"(anonymous_11)","line":272,"loc":{"start":{"line":272,"column":51},"end":{"line":272,"column":77}},"skip":true},"12":{"name":"(anonymous_12)","line":315,"loc":{"start":{"line":315,"column":32},"end":{"line":315,"column":61}},"skip":true}},"statementMap":{"1":{"start":{"line":26,"column":0},"end":{"line":326,"column":5}},"2":{"start":{"line":28,"column":4},"end":{"line":28,"column":14}},"3":{"start":{"line":33,"column":4},"end":{"line":60,"column":9}},"4":{"start":{"line":35,"column":8},"end":{"line":35,"column":19}},"5":{"start":{"line":37,"column":8},"end":{"line":49,"column":13}},"6":{"start":{"line":38,"column":12},"end":{"line":48,"column":13}},"7":{"start":{"line":39,"column":16},"end":{"line":42,"column":30}},"8":{"start":{"line":44,"column":16},"end":{"line":47,"column":27}},"9":{"start":{"line":51,"column":8},"end":{"line":53,"column":21}},"10":{"start":{"line":55,"column":8},"end":{"line":57,"column":45}},"11":{"start":{"line":59,"column":8},"end":{"line":59,"column":35}},"12":{"start":{"line":61,"column":4},"end":{"line":325,"column":5}},"13":{"start":{"line":69,"column":8},"end":{"line":121,"column":10},"skip":true},"14":{"start":{"line":70,"column":12},"end":{"line":88,"column":13},"skip":true},"15":{"start":{"line":76,"column":16},"end":{"line":87,"column":19},"skip":true},"16":{"start":{"line":79,"column":20},"end":{"line":86,"column":21},"skip":true},"17":{"start":{"line":82,"column":24},"end":{"line":82,"column":43},"skip":true},"18":{"start":{"line":83,"column":24},"end":{"line":83,"column":30},"skip":true},"19":{"start":{"line":85,"column":24},"end":{"line":85,"column":49},"skip":true},"20":{"start":{"line":89,"column":12},"end":{"line":107,"column":13},"skip":true},"21":{"start":{"line":92,"column":16},"end":{"line":102,"column":17},"skip":true},"22":{"start":{"line":93,"column":20},"end":{"line":93,"column":86},"skip":true},"23":{"start":{"line":94,"column":20},"end":{"line":95,"column":45},"skip":true},"24":{"start":{"line":96,"column":20},"end":{"line":96,"column":42},"skip":true},"25":{"start":{"line":97,"column":20},"end":{"line":97,"column":48},"skip":true},"26":{"start":{"line":100,"column":20},"end":{"line":100,"column":85},"skip":true},"27":{"start":{"line":101,"column":20},"end":{"line":101,"column":96},"skip":true},"28":{"start":{"line":103,"column":16},"end":{"line":103,"column":22},"skip":true},"29":{"start":{"line":106,"column":16},"end":{"line":106,"column":22},"skip":true},"30":{"start":{"line":108,"column":12},"end":{"line":120,"column":13},"skip":true},"31":{"start":{"line":114,"column":16},"end":{"line":119,"column":17},"skip":true},"32":{"start":{"line":116,"column":20},"end":{"line":116,"column":78},"skip":true},"33":{"start":{"line":118,"column":20},"end":{"line":118,"column":47},"skip":true},"34":{"start":{"line":123,"column":8},"end":{"line":141,"column":11},"skip":true},"35":{"start":{"line":124,"column":12},"end":{"line":124,"column":54},"skip":true},"36":{"start":{"line":125,"column":12},"end":{"line":140,"column":14},"skip":true},"37":{"start":{"line":126,"column":16},"end":{"line":126,"column":28},"skip":true},"38":{"start":{"line":127,"column":16},"end":{"line":127,"column":69},"skip":true},"39":{"start":{"line":128,"column":16},"end":{"line":128,"column":75},"skip":true},"40":{"start":{"line":129,"column":16},"end":{"line":131,"column":17},"skip":true},"41":{"start":{"line":130,"column":20},"end":{"line":130,"column":27},"skip":true},"42":{"start":{"line":133,"column":16},"end":{"line":137,"column":36},"skip":true},"43":{"start":{"line":134,"column":20},"end":{"line":136,"column":55},"skip":true},"44":{"start":{"line":139,"column":16},"end":{"line":139,"column":57},"skip":true},"45":{"start":{"line":143,"column":8},"end":{"line":147,"column":11},"skip":true},"46":{"start":{"line":144,"column":12},"end":{"line":146,"column":15},"skip":true},"47":{"start":{"line":145,"column":16},"end":{"line":145,"column":70},"skip":true},"48":{"start":{"line":149,"column":8},"end":{"line":149,"column":31},"skip":true},"49":{"start":{"line":150,"column":8},"end":{"line":150,"column":14},"skip":true},"50":{"start":{"line":158,"column":8},"end":{"line":158,"column":31},"skip":true},"51":{"start":{"line":160,"column":8},"end":{"line":160,"column":33},"skip":true},"52":{"start":{"line":161,"column":8},"end":{"line":161,"column":37},"skip":true},"53":{"start":{"line":162,"column":8},"end":{"line":162,"column":35},"skip":true},"54":{"start":{"line":164,"column":8},"end":{"line":164,"column":50},"skip":true},"55":{"start":{"line":166,"column":8},"end":{"line":256,"column":2},"skip":true},"56":{"start":{"line":258,"column":8},"end":{"line":286,"column":9},"skip":true},"57":{"start":{"line":259,"column":12},"end":{"line":269,"column":14},"skip":true},"58":{"start":{"line":271,"column":12},"end":{"line":285,"column":19},"skip":true},"59":{"start":{"line":274,"column":20},"end":{"line":274,"column":35},"skip":true},"60":{"start":{"line":275,"column":20},"end":{"line":284,"column":21},"skip":true},"61":{"start":{"line":277,"column":24},"end":{"line":277,"column":64},"skip":true},"62":{"start":{"line":279,"column":24},"end":{"line":279,"column":40},"skip":true},"63":{"start":{"line":281,"column":24},"end":{"line":281,"column":40},"skip":true},"64":{"start":{"line":283,"column":24},"end":{"line":283,"column":39},"skip":true},"65":{"start":{"line":288,"column":8},"end":{"line":290,"column":9},"skip":true},"66":{"start":{"line":289,"column":12},"end":{"line":289,"column":18},"skip":true},"67":{"start":{"line":291,"column":8},"end":{"line":293,"column":54},"skip":true},"68":{"start":{"line":296,"column":8},"end":{"line":301,"column":37},"skip":true},"69":{"start":{"line":303,"column":8},"end":{"line":303,"column":82},"skip":true},"70":{"start":{"line":306,"column":8},"end":{"line":308,"column":9},"skip":true},"71":{"start":{"line":307,"column":12},"end":{"line":307,"column":82},"skip":true},"72":{"start":{"line":310,"column":8},"end":{"line":312,"column":9},"skip":true},"73":{"start":{"line":311,"column":12},"end":{"line":311,"column":18},"skip":true},"74":{"start":{"line":313,"column":8},"end":{"line":313,"column":54},"skip":true},"75":{"start":{"line":314,"column":8},"end":{"line":314,"column":69},"skip":true},"76":{"start":{"line":315,"column":8},"end":{"line":323,"column":36},"skip":true},"77":{"start":{"line":316,"column":12},"end":{"line":316,"column":61},"skip":true},"78":{"start":{"line":317,"column":12},"end":{"line":320,"column":13},"skip":true},"79":{"start":{"line":318,"column":16},"end":{"line":318,"column":75},"skip":true},"80":{"start":{"line":319,"column":16},"end":{"line":319,"column":23},"skip":true},"81":{"start":{"line":321,"column":12},"end":{"line":321,"column":38},"skip":true},"82":{"start":{"line":322,"column":12},"end":{"line":322,"column":27},"skip":true},"83":{"start":{"line":324,"column":8},"end":{"line":324,"column":14},"skip":true}},"branchMap":{"1":{"line":39,"type":"binary-expr","locations":[{"start":{"line":39,"column":23},"end":{"line":39,"column":62}},{"start":{"line":40,"column":20},"end":{"line":40,"column":70}},{"start":{"line":41,"column":20},"end":{"line":41,"column":71}},{"start":{"line":42,"column":20},"end":{"line":42,"column":29}}]},"2":{"line":44,"type":"binary-expr","locations":[{"start":{"line":44,"column":23},"end":{"line":44,"column":37}},{"start":{"line":45,"column":20},"end":{"line":45,"column":61}},{"start":{"line":46,"column":20},"end":{"line":46,"column":70}},{"start":{"line":47,"column":20},"end":{"line":47,"column":26}}]},"3":{"line":51,"type":"cond-expr","locations":[{"start":{"line":52,"column":14},"end":{"line":52,"column":20}},{"start":{"line":53,"column":14},"end":{"line":53,"column":20}}]},"4":{"line":55,"type":"binary-expr","locations":[{"start":{"line":55,"column":16},"end":{"line":55,"column":44}},{"start":{"line":55,"column":49},"end":{"line":57,"column":43}}]},"5":{"line":55,"type":"cond-expr","locations":[{"start":{"line":56,"column":14},"end":{"line":56,"column":50}},{"start":{"line":57,"column":14},"end":{"line":57,"column":43}}]},"6":{"line":61,"type":"switch","locations":[{"start":{"line":68,"column":4},"end":{"line":150,"column":14},"skip":true},{"start":{"line":156,"column":4},"end":{"line":324,"column":14},"skip":true}]},"7":{"line":70,"type":"if","locations":[{"start":{"line":70,"column":12},"end":{"line":70,"column":12},"skip":true},{"start":{"line":70,"column":12},"end":{"line":70,"column":12},"skip":true}]},"8":{"line":70,"type":"binary-expr","locations":[{"start":{"line":70,"column":16},"end":{"line":70,"column":22},"skip":true},{"start":{"line":70,"column":27},"end":{"line":70,"column":32},"skip":true},{"start":{"line":71,"column":20},"end":{"line":71,"column":39},"skip":true},{"start":{"line":72,"column":20},"end":{"line":72,"column":49},"skip":true},{"start":{"line":73,"column":20},"end":{"line":73,"column":58},"skip":true},{"start":{"line":74,"column":20},"end":{"line":74,"column":69},"skip":true}]},"9":{"line":79,"type":"switch","locations":[{"start":{"line":80,"column":20},"end":{"line":80,"column":33},"skip":true},{"start":{"line":81,"column":20},"end":{"line":83,"column":30},"skip":true},{"start":{"line":84,"column":20},"end":{"line":85,"column":49},"skip":true}]},"10":{"line":89,"type":"switch","locations":[{"start":{"line":90,"column":12},"end":{"line":103,"column":22},"skip":true},{"start":{"line":105,"column":12},"end":{"line":106,"column":22},"skip":true}]},"11":{"line":89,"type":"binary-expr","locations":[{"start":{"line":89,"column":20},"end":{"line":89,"column":25},"skip":true},{"start":{"line":89,"column":29},"end":{"line":89,"column":48},"skip":true},{"start":{"line":89,"column":52},"end":{"line":89,"column":74},"skip":true}]},"12":{"line":92,"type":"if","locations":[{"start":{"line":92,"column":16},"end":{"line":92,"column":16},"skip":true},{"start":{"line":92,"column":16},"end":{"line":92,"column":16},"skip":true}]},"13":{"line":108,"type":"if","locations":[{"start":{"line":108,"column":12},"end":{"line":108,"column":12},"skip":true},{"start":{"line":108,"column":12},"end":{"line":108,"column":12},"skip":true}]},"14":{"line":108,"type":"binary-expr","locations":[{"start":{"line":108,"column":16},"end":{"line":108,"column":61},"skip":true},{"start":{"line":108,"column":66},"end":{"line":108,"column":72},"skip":true},{"start":{"line":108,"column":77},"end":{"line":108,"column":82},"skip":true},{"start":{"line":109,"column":20},"end":{"line":109,"column":39},"skip":true},{"start":{"line":110,"column":20},"end":{"line":110,"column":49},"skip":true},{"start":{"line":111,"column":20},"end":{"line":111,"column":58},"skip":true},{"start":{"line":112,"column":20},"end":{"line":112,"column":68},"skip":true}]},"15":{"line":129,"type":"if","locations":[{"start":{"line":129,"column":16},"end":{"line":129,"column":16},"skip":true},{"start":{"line":129,"column":16},"end":{"line":129,"column":16},"skip":true}]},"16":{"line":134,"type":"cond-expr","locations":[{"start":{"line":135,"column":26},"end":{"line":135,"column":29},"skip":true},{"start":{"line":136,"column":26},"end":{"line":136,"column":54},"skip":true}]},"17":{"line":164,"type":"binary-expr","locations":[{"start":{"line":164,"column":27},"end":{"line":164,"column":43},"skip":true},{"start":{"line":164,"column":47},"end":{"line":164,"column":49},"skip":true}]},"18":{"line":258,"type":"if","locations":[{"start":{"line":258,"column":8},"end":{"line":258,"column":8},"skip":true},{"start":{"line":258,"column":8},"end":{"line":258,"column":8},"skip":true}]},"19":{"line":275,"type":"switch","locations":[{"start":{"line":276,"column":20},"end":{"line":277,"column":64},"skip":true},{"start":{"line":278,"column":20},"end":{"line":279,"column":40},"skip":true},{"start":{"line":280,"column":20},"end":{"line":281,"column":40},"skip":true},{"start":{"line":282,"column":20},"end":{"line":283,"column":39},"skip":true}]},"20":{"line":288,"type":"if","locations":[{"start":{"line":288,"column":8},"end":{"line":288,"column":8},"skip":true},{"start":{"line":288,"column":8},"end":{"line":288,"column":8},"skip":true}]},"21":{"line":288,"type":"binary-expr","locations":[{"start":{"line":288,"column":12},"end":{"line":288,"column":40},"skip":true},{"start":{"line":288,"column":44},"end":{"line":288,"column":67},"skip":true}]},"22":{"line":292,"type":"binary-expr","locations":[{"start":{"line":292,"column":12},"end":{"line":292,"column":50},"skip":true},{"start":{"line":293,"column":12},"end":{"line":293,"column":53},"skip":true}]},"23":{"line":297,"type":"binary-expr","locations":[{"start":{"line":297,"column":12},"end":{"line":297,"column":64},"skip":true},{"start":{"line":298,"column":12},"end":{"line":301,"column":36},"skip":true}]},"24":{"line":303,"type":"binary-expr","locations":[{"start":{"line":303,"column":43},"end":{"line":303,"column":75},"skip":true},{"start":{"line":303,"column":79},"end":{"line":303,"column":81},"skip":true}]},"25":{"line":306,"type":"if","locations":[{"start":{"line":306,"column":8},"end":{"line":306,"column":8},"skip":true},{"start":{"line":306,"column":8},"end":{"line":306,"column":8},"skip":true}]},"26":{"line":310,"type":"if","locations":[{"start":{"line":310,"column":8},"end":{"line":310,"column":8},"skip":true},{"start":{"line":310,"column":8},"end":{"line":310,"column":8},"skip":true}]},"27":{"line":313,"type":"binary-expr","locations":[{"start":{"line":313,"column":27},"end":{"line":313,"column":43},"skip":true},{"start":{"line":313,"column":47},"end":{"line":313,"column":53},"skip":true}]},"28":{"line":317,"type":"if","locations":[{"start":{"line":317,"column":12},"end":{"line":317,"column":12},"skip":true},{"start":{"line":317,"column":12},"end":{"line":317,"column":12},"skip":true}]}},"code":["/*","example.js","","quickstart example","","instruction","    1. save this script as example.js","    2. run the shell command:","        $ npm install npmtest-trails && PORT=8081 node example.js","    3. play with the browser-demo on http://127.0.0.1:8081","*/","","","","/* istanbul instrument in package npmtest_trails */","/*jslint","    bitwise: true,","    browser: true,","    maxerr: 8,","    maxlen: 96,","    node: true,","    nomen: true,","    regexp: true,","    stupid: true","*/","(function () {","    'use strict';","    var local;","","","","    // run shared js-env code - pre-init","    (function () {","        // init local","        local = {};","        // init modeJs","        local.modeJs = (function () {","            try {","                return typeof navigator.userAgent === 'string' &&","                    typeof document.querySelector('body') === 'object' &&","                    typeof XMLHttpRequest.prototype.open === 'function' &&","                    'browser';","            } catch (errorCaughtBrowser) {","                return module.exports &&","                    typeof process.versions.node === 'string' &&","                    typeof require('http').createServer === 'function' &&","                    'node';","            }","        }());","        // init global","        local.global = local.modeJs === 'browser'","            ? window","            : global;","        // init utility2_rollup","        local = local.global.utility2_rollup || (local.modeJs === 'browser'","            ? local.global.utility2_npmtest_trails","            : global.utility2_moduleExports);","        // export local","        local.global.local = local;","    }());","    switch (local.modeJs) {","","","","    // post-init","    // run browser js-env code - post-init","    /* istanbul ignore next */","    case 'browser':","        local.testRunBrowser = function (event) {","            if (!event || (event &&","                    event.currentTarget &&","                    event.currentTarget.className &&","                    event.currentTarget.className.includes &&","                    event.currentTarget.className.includes('onreset'))) {","                // reset output","                Array.from(","                    document.querySelectorAll('body > .resettable')","                ).forEach(function (element) {","                    switch (element.tagName) {","                    case 'INPUT':","                    case 'TEXTAREA':","                        element.value = '';","                        break;","                    default:","                        element.textContent = '';","                    }","                });","            }","            switch (event && event.currentTarget && event.currentTarget.id) {","            case 'testRunButton1':","                // show tests","                if (document.querySelector('#testReportDiv1').style.display === 'none') {","                    document.querySelector('#testReportDiv1').style.display = 'block';","                    document.querySelector('#testRunButton1').textContent =","                        'hide internal test';","                    local.modeTest = true;","                    local.testRunDefault(local);","                // hide tests","                } else {","                    document.querySelector('#testReportDiv1').style.display = 'none';","                    document.querySelector('#testRunButton1').textContent = 'run internal test';","                }","                break;","            // custom-case","            default:","                break;","            }","            if (document.querySelector('#inputTextareaEval1') && (!event || (event &&","                    event.currentTarget &&","                    event.currentTarget.className &&","                    event.currentTarget.className.includes &&","                    event.currentTarget.className.includes('oneval')))) {","                // try to eval input-code","                try {","                    /*jslint evil: true*/","                    eval(document.querySelector('#inputTextareaEval1').value);","                } catch (errorCaught) {","                    console.error(errorCaught);","                }","            }","        };","        // log stderr and stdout to #outputTextareaStdout1","        ['error', 'log'].forEach(function (key) {","            console[key + '_original'] = console[key];","            console[key] = function () {","                var element;","                console[key + '_original'].apply(console, arguments);","                element = document.querySelector('#outputTextareaStdout1');","                if (!element) {","                    return;","                }","                // append text to #outputTextareaStdout1","                element.value += Array.from(arguments).map(function (arg) {","                    return typeof arg === 'string'","                        ? arg","                        : JSON.stringify(arg, null, 4);","                }).join(' ') + '\\n';","                // scroll textarea to bottom","                element.scrollTop = element.scrollHeight;","            };","        });","        // init event-handling","        ['change', 'click', 'keyup'].forEach(function (event) {","            Array.from(document.querySelectorAll('.on' + event)).forEach(function (element) {","                element.addEventListener(event, local.testRunBrowser);","            });","        });","        // run tests","        local.testRunBrowser();","        break;","","","","    // run node js-env code - post-init","    /* istanbul ignore next */","    case 'node':","        // export local","        module.exports = local;","        // require modules","        local.fs = require('fs');","        local.http = require('http');","        local.url = require('url');","        // init assets","        local.assetsDict = local.assetsDict || {};","        /* jslint-ignore-begin */","        local.assetsDict['/assets.index.template.html'] = '\\","<!doctype html>\\n\\","<html lang=\"en\">\\n\\","<head>\\n\\","<meta charset=\"UTF-8\">\\n\\","<meta name=\"viewport\" content=\"width=device-width, initial-scale=1\">\\n\\","<title>{{env.npm_package_name}} (v{{env.npm_package_version}})</title>\\n\\","<style>\\n\\","/*csslint\\n\\","    box-sizing: false,\\n\\","    universal-selector: false\\n\\","*/\\n\\","* {\\n\\","    box-sizing: border-box;\\n\\","}\\n\\","body {\\n\\","    background: #dde;\\n\\","    font-family: Arial, Helvetica, sans-serif;\\n\\","    margin: 2rem;\\n\\","}\\n\\","body > * {\\n\\","    margin-bottom: 1rem;\\n\\","}\\n\\",".utility2FooterDiv {\\n\\","    margin-top: 20px;\\n\\","    text-align: center;\\n\\","}\\n\\","</style>\\n\\","<style>\\n\\","/*csslint\\n\\","*/\\n\\","textarea {\\n\\","    font-family: monospace;\\n\\","    height: 10rem;\\n\\","    width: 100%;\\n\\","}\\n\\","textarea[readonly] {\\n\\","    background: #ddd;\\n\\","}\\n\\","</style>\\n\\","</head>\\n\\","<body>\\n\\","<!-- utility2-comment\\n\\","<div id=\"ajaxProgressDiv1\" style=\"background: #d00; height: 2px; left: 0; margin: 0; padding: 0; position: fixed; top: 0; transition: background 0.5s, width 1.5s; width: 25%;\"></div>\\n\\","utility2-comment -->\\n\\","<h1>\\n\\","<!-- utility2-comment\\n\\","    <a\\n\\","        {{#if env.npm_package_homepage}}\\n\\","        href=\"{{env.npm_package_homepage}}\"\\n\\","        {{/if env.npm_package_homepage}}\\n\\","        target=\"_blank\"\\n\\","    >\\n\\","utility2-comment -->\\n\\","        {{env.npm_package_name}} (v{{env.npm_package_version}})\\n\\","<!-- utility2-comment\\n\\","    </a>\\n\\","utility2-comment -->\\n\\","</h1>\\n\\","<h3>{{env.npm_package_description}}</h3>\\n\\","<!-- utility2-comment\\n\\","<h4><a download href=\"assets.app.js\">download standalone app</a></h4>\\n\\","<button class=\"onclick onreset\" id=\"testRunButton1\">run internal test</button><br>\\n\\","<div id=\"testReportDiv1\" style=\"display: none;\"></div>\\n\\","utility2-comment -->\\n\\","\\n\\","\\n\\","\\n\\","<label>stderr and stdout</label>\\n\\","<textarea class=\"resettable\" id=\"outputTextareaStdout1\" readonly></textarea>\\n\\","<!-- utility2-comment\\n\\","{{#if isRollup}}\\n\\","<script src=\"assets.app.js\"></script>\\n\\","{{#unless isRollup}}\\n\\","utility2-comment -->\\n\\","<script src=\"assets.utility2.rollup.js\"></script>\\n\\","<script src=\"jsonp.utility2._stateInit?callback=window.utility2._stateInit\"></script>\\n\\","<script src=\"assets.npmtest_trails.rollup.js\"></script>\\n\\","<script src=\"assets.example.js\"></script>\\n\\","<script src=\"assets.test.js\"></script>\\n\\","<!-- utility2-comment\\n\\","{{/if isRollup}}\\n\\","utility2-comment -->\\n\\","<div class=\"utility2FooterDiv\">\\n\\","    [ this app was created with\\n\\","    <a href=\"https://github.com/kaizhu256/node-utility2\" target=\"_blank\">utility2</a>\\n\\","    ]\\n\\","</div>\\n\\","</body>\\n\\","</html>\\n\\","';","        /* jslint-ignore-end */","        if (local.templateRender) {","            local.assetsDict['/'] = local.templateRender(","                local.assetsDict['/assets.index.template.html'],","                {","                    env: local.objectSetDefault(local.env, {","                        npm_package_description: 'the greatest app in the world!',","                        npm_package_name: 'my-app',","                        npm_package_nameAlias: 'my_app',","                        npm_package_version: '0.0.1'","                    })","                }","            );","        } else {","            local.assetsDict['/'] = local.assetsDict['/assets.index.template.html']","                .replace((/\\{\\{env\\.(\\w+?)\\}\\}/g), function (match0, match1) {","                    // jslint-hack","                    String(match0);","                    switch (match1) {","                    case 'npm_package_description':","                        return 'the greatest app in the world!';","                    case 'npm_package_name':","                        return 'my-app';","                    case 'npm_package_nameAlias':","                        return 'my_app';","                    case 'npm_package_version':","                        return '0.0.1';","                    }","                });","        }","        // run the cli","        if (local.global.utility2_rollup || module !== require.main) {","            break;","        }","        local.assetsDict['/assets.example.js'] =","            local.assetsDict['/assets.example.js'] ||","            local.fs.readFileSync(__filename, 'utf8');","        // bug-workaround - long $npm_package_buildCustomOrg","        /* jslint-ignore-begin */","        local.assetsDict['/assets.npmtest_trails.rollup.js'] =","            local.assetsDict['/assets.npmtest_trails.rollup.js'] ||","            local.fs.readFileSync(","                local.npmtest_trails.__dirname + '/lib.npmtest_trails.js',","                'utf8'","            ).replace((/^#!/), '//');","        /* jslint-ignore-end */","        local.assetsDict['/favicon.ico'] = local.assetsDict['/favicon.ico'] || '';","        // if $npm_config_timeout_exit exists,","        // then exit this process after $npm_config_timeout_exit ms","        if (Number(process.env.npm_config_timeout_exit)) {","            setTimeout(process.exit, Number(process.env.npm_config_timeout_exit));","        }","        // start server","        if (local.global.utility2_serverHttp1) {","            break;","        }","        process.env.PORT = process.env.PORT || '8081';","        console.error('server starting on port ' + process.env.PORT);","        local.http.createServer(function (request, response) {","            request.urlParsed = local.url.parse(request.url);","            if (local.assetsDict[request.urlParsed.pathname] !== undefined) {","                response.end(local.assetsDict[request.urlParsed.pathname]);","                return;","            }","            response.statusCode = 404;","            response.end();","        }).listen(process.env.PORT);","        break;","    }","}());",""],"l":{"26":2,"28":2,"33":2,"35":2,"37":2,"38":2,"39":2,"44":1,"51":2,"55":2,"59":2,"61":2,"69":1,"70":2,"76":2,"79":2,"82":2,"83":2,"85":1,"89":2,"92":1,"93":1,"94":1,"96":1,"97":1,"100":1,"101":1,"103":1,"106":1,"108":2,"114":1,"116":1,"118":1,"123":1,"124":2,"125":2,"126":3,"127":3,"128":3,"129":3,"130":1,"133":3,"134":3,"139":3,"143":1,"144":3,"145":1,"149":1,"150":1,"158":1,"160":1,"161":1,"162":1,"164":1,"166":1,"258":1,"259":1,"271":1,"274":6,"275":6,"277":1,"279":2,"281":1,"283":2,"288":1,"289":1,"291":1,"296":1,"303":1,"306":1,"307":1,"310":1,"311":1,"313":1,"314":1,"315":1,"316":1,"317":1,"318":1,"319":1,"321":1,"322":1,"324":1}},"/home/travis/build/npmtest/node-npmtest-trails/node_modules/trails/index.js":{"path":"/home/travis/build/npmtest/node-npmtest-trails/node_modules/trails/index.js","s":{"1":1,"2":1,"3":1,"4":1,"5":1,"6":1,"7":0,"8":0,"9":0,"10":0,"11":0,"12":0,"13":0,"14":0,"15":0,"16":0,"17":0,"18":0,"19":0,"20":0,"21":0,"22":0,"23":0,"24":0,"25":0,"26":0,"27":0,"28":0,"29":0,"30":0,"31":0,"32":0,"33":0,"34":0,"35":0,"36":0,"37":0,"38":0,"39":0,"40":0,"41":0,"42":0,"43":0,"44":0,"45":0,"46":0,"47":0,"48":0,"49":0,"50":0,"51":0,"52":0,"53":0,"54":0,"55":0,"56":0,"57":0,"58":0,"59":0,"60":0,"61":0,"62":0,"63":0,"64":0,"65":0,"66":0,"67":0,"68":0,"69":0,"70":0,"71":0,"72":0,"73":0,"74":0,"75":0,"76":0,"77":0,"78":0,"79":0,"80":0,"81":0,"82":0,"83":0,"84":0,"85":0,"86":0,"87":0,"88":0},"b":{"1":[0,0],"2":[0,0],"3":[0,0],"4":[0,0],"5":[0,0],"6":[0,0],"7":[0,0],"8":[0,0],"9":[0,0],"10":[0,0],"11":[0,0],"12":[0,0],"13":[0,0],"14":[0,0]},"f":{"1":0,"2":0,"3":0,"4":0,"5":0,"6":0,"7":0,"8":0,"9":0,"10":0,"11":0,"12":0,"13":0},"fnMap":{"1":{"name":"(anonymous_1)","line":7,"loc":{"start":{"line":7,"column":13},"end":{"line":7,"column":25}}},"2":{"name":"(anonymous_2)","line":26,"loc":{"start":{"line":26,"column":14},"end":{"line":26,"column":20}}},"3":{"name":"(anonymous_3)","line":157,"loc":{"start":{"line":157,"column":8},"end":{"line":157,"column":11}}},"4":{"name":"(anonymous_4)","line":183,"loc":{"start":{"line":183,"column":7},"end":{"line":183,"column":13}}},"5":{"name":"(anonymous_5)","line":215,"loc":{"start":{"line":215,"column":7},"end":{"line":215,"column":15}}},"6":{"name":"(anonymous_6)","line":225,"loc":{"start":{"line":225,"column":10},"end":{"line":225,"column":28}}},"7":{"name":"(anonymous_7)","line":232,"loc":{"start":{"line":232,"column":27},"end":{"line":232,"column":39}}},"8":{"name":"(anonymous_8)","line":255,"loc":{"start":{"line":255,"column":8},"end":{"line":255,"column":26}}},"9":{"name":"(anonymous_9)","line":282,"loc":{"start":{"line":282,"column":15},"end":{"line":282,"column":18}}},"10":{"name":"(anonymous_10)","line":289,"loc":{"start":{"line":289,"column":17},"end":{"line":289,"column":20}}},"11":{"name":"(anonymous_11)","line":301,"loc":{"start":{"line":301,"column":14},"end":{"line":301,"column":17}}},"12":{"name":"(anonymous_12)","line":312,"loc":{"start":{"line":312,"column":10},"end":{"line":312,"column":13}}},"13":{"name":"(anonymous_13)","line":320,"loc":{"start":{"line":320,"column":9},"end":{"line":320,"column":12}}}},"statementMap":{"1":{"start":{"line":4,"column":0},"end":{"line":4,"column":51}},"2":{"start":{"line":5,"column":0},"end":{"line":5,"column":28}},"3":{"start":{"line":6,"column":0},"end":{"line":6,"column":34}},"4":{"start":{"line":7,"column":0},"end":{"line":7,"column":28}},"5":{"start":{"line":10,"column":0},"end":{"line":10,"column":24}},"6":{"start":{"line":16,"column":0},"end":{"line":323,"column":1}},"7":{"start":{"line":27,"column":4},"end":{"line":27,"column":11}},"8":{"start":{"line":29,"column":4},"end":{"line":31,"column":5}},"9":{"start":{"line":30,"column":6},"end":{"line":30,"column":78}},"10":{"start":{"line":32,"column":4},"end":{"line":34,"column":5}},"11":{"start":{"line":33,"column":6},"end":{"line":33,"column":51}},"12":{"start":{"line":35,"column":4},"end":{"line":37,"column":5}},"13":{"start":{"line":36,"column":6},"end":{"line":36,"column":47}},"14":{"start":{"line":39,"column":4},"end":{"line":41,"column":5}},"15":{"start":{"line":40,"column":6},"end":{"line":40,"column":42}},"16":{"start":{"line":43,"column":4},"end":{"line":43,"column":77}},"17":{"start":{"line":45,"column":4},"end":{"line":130,"column":6}},"18":{"start":{"line":132,"column":4},"end":{"line":132,"column":55}},"19":{"start":{"line":135,"column":4},"end":{"line":142,"column":6}},"20":{"start":{"line":136,"column":6},"end":{"line":141,"column":7}},"21":{"start":{"line":137,"column":8},"end":{"line":137,"column":22}},"22":{"start":{"line":140,"column":8},"end":{"line":140,"column":56}},"23":{"start":{"line":143,"column":4},"end":{"line":143,"column":76}},"24":{"start":{"line":143,"column":59},"end":{"line":143,"column":75}},"25":{"start":{"line":146,"column":4},"end":{"line":146,"column":68}},"26":{"start":{"line":147,"column":4},"end":{"line":147,"column":72}},"27":{"start":{"line":148,"column":4},"end":{"line":148,"column":78}},"28":{"start":{"line":149,"column":4},"end":{"line":149,"column":72}},"29":{"start":{"line":158,"column":4},"end":{"line":158,"column":32}},"30":{"start":{"line":159,"column":4},"end":{"line":159,"column":69}},"31":{"start":{"line":160,"column":4},"end":{"line":160,"column":70}},"32":{"start":{"line":163,"column":4},"end":{"line":170,"column":6}},"33":{"start":{"line":164,"column":6},"end":{"line":166,"column":7}},"34":{"start":{"line":165,"column":8},"end":{"line":165,"column":55}},"35":{"start":{"line":168,"column":6},"end":{"line":168,"column":24}},"36":{"start":{"line":169,"column":6},"end":{"line":169,"column":31}},"37":{"start":{"line":172,"column":4},"end":{"line":176,"column":8}},"38":{"start":{"line":174,"column":8},"end":{"line":174,"column":27}},"39":{"start":{"line":175,"column":8},"end":{"line":175,"column":19}},"40":{"start":{"line":184,"column":4},"end":{"line":184,"column":23}},"41":{"start":{"line":185,"column":4},"end":{"line":187,"column":5}},"42":{"start":{"line":186,"column":6},"end":{"line":186,"column":43}},"43":{"start":{"line":188,"column":4},"end":{"line":191,"column":5}},"44":{"start":{"line":189,"column":6},"end":{"line":189,"column":66}},"45":{"start":{"line":190,"column":6},"end":{"line":190,"column":76}},"46":{"start":{"line":193,"column":4},"end":{"line":193,"column":28}},"47":{"start":{"line":194,"column":4},"end":{"line":194,"column":34}},"48":{"start":{"line":196,"column":4},"end":{"line":208,"column":8}},"49":{"start":{"line":198,"column":8},"end":{"line":198,"column":63}},"50":{"start":{"line":199,"column":8},"end":{"line":199,"column":28}},"51":{"start":{"line":202,"column":8},"end":{"line":202,"column":56}},"52":{"start":{"line":203,"column":8},"end":{"line":203,"column":19}},"53":{"start":{"line":206,"column":8},"end":{"line":206,"column":26}},"54":{"start":{"line":207,"column":8},"end":{"line":207,"column":19}},"55":{"start":{"line":216,"column":4},"end":{"line":216,"column":42}},"56":{"start":{"line":217,"column":4},"end":{"line":217,"column":44}},"57":{"start":{"line":226,"column":4},"end":{"line":226,"column":31}},"58":{"start":{"line":227,"column":4},"end":{"line":229,"column":5}},"59":{"start":{"line":228,"column":6},"end":{"line":228,"column":23}},"60":{"start":{"line":231,"column":4},"end":{"line":231,"column":23}},"61":{"start":{"line":232,"column":4},"end":{"line":235,"column":5}},"62":{"start":{"line":233,"column":6},"end":{"line":233,"column":36}},"63":{"start":{"line":234,"column":6},"end":{"line":234,"column":22}},"64":{"start":{"line":237,"column":4},"end":{"line":247,"column":6}},"65":{"start":{"line":238,"column":6},"end":{"line":241,"column":8}},"66":{"start":{"line":239,"column":8},"end":{"line":239,"column":33}},"67":{"start":{"line":240,"column":8},"end":{"line":240,"column":45}},"68":{"start":{"line":245,"column":6},"end":{"line":245,"column":82}},"69":{"start":{"line":245,"column":34},"end":{"line":245,"column":81}},"70":{"start":{"line":246,"column":6},"end":{"line":246,"column":17}},"71":{"start":{"line":256,"column":4},"end":{"line":256,"column":31}},"72":{"start":{"line":257,"column":4},"end":{"line":259,"column":5}},"73":{"start":{"line":258,"column":6},"end":{"line":258,"column":25}},"74":{"start":{"line":261,"column":4},"end":{"line":264,"column":5}},"75":{"start":{"line":262,"column":6},"end":{"line":262,"column":19}},"76":{"start":{"line":263,"column":6},"end":{"line":263,"column":17}},"77":{"start":{"line":266,"column":4},"end":{"line":276,"column":25}},"78":{"start":{"line":267,"column":6},"end":{"line":274,"column":8}},"79":{"start":{"line":268,"column":8},"end":{"line":273,"column":9}},"80":{"start":{"line":269,"column":10},"end":{"line":269,"column":42}},"81":{"start":{"line":272,"column":10},"end":{"line":272,"column":39}},"82":{"start":{"line":283,"column":4},"end":{"line":283,"column":42}},"83":{"start":{"line":290,"column":4},"end":{"line":295,"column":6}},"84":{"start":{"line":302,"column":4},"end":{"line":304,"column":5}},"85":{"start":{"line":303,"column":6},"end":{"line":303,"column":84}},"86":{"start":{"line":305,"column":4},"end":{"line":305,"column":44}},"87":{"start":{"line":313,"column":4},"end":{"line":313,"column":33}},"88":{"start":{"line":321,"column":4},"end":{"line":321,"column":25}}},"branchMap":{"1":{"line":29,"type":"if","locations":[{"start":{"line":29,"column":4},"end":{"line":29,"column":4}},{"start":{"line":29,"column":4},"end":{"line":29,"column":4}}]},"2":{"line":32,"type":"if","locations":[{"start":{"line":32,"column":4},"end":{"line":32,"column":4}},{"start":{"line":32,"column":4},"end":{"line":32,"column":4}}]},"3":{"line":35,"type":"if","locations":[{"start":{"line":35,"column":4},"end":{"line":35,"column":4}},{"start":{"line":35,"column":4},"end":{"line":35,"column":4}}]},"4":{"line":39,"type":"if","locations":[{"start":{"line":39,"column":4},"end":{"line":39,"column":4}},{"start":{"line":39,"column":4},"end":{"line":39,"column":4}}]},"5":{"line":164,"type":"if","locations":[{"start":{"line":164,"column":6},"end":{"line":164,"column":6}},{"start":{"line":164,"column":6},"end":{"line":164,"column":6}}]},"6":{"line":185,"type":"if","locations":[{"start":{"line":185,"column":4},"end":{"line":185,"column":4}},{"start":{"line":185,"column":4},"end":{"line":185,"column":4}}]},"7":{"line":186,"type":"binary-expr","locations":[{"start":{"line":186,"column":27},"end":{"line":186,"column":36}},{"start":{"line":186,"column":40},"end":{"line":186,"column":42}}]},"8":{"line":188,"type":"if","locations":[{"start":{"line":188,"column":4},"end":{"line":188,"column":4}},{"start":{"line":188,"column":4},"end":{"line":188,"column":4}}]},"9":{"line":226,"type":"binary-expr","locations":[{"start":{"line":226,"column":4},"end":{"line":226,"column":11}},{"start":{"line":226,"column":16},"end":{"line":226,"column":30}}]},"10":{"line":227,"type":"if","locations":[{"start":{"line":227,"column":4},"end":{"line":227,"column":4}},{"start":{"line":227,"column":4},"end":{"line":227,"column":4}}]},"11":{"line":256,"type":"binary-expr","locations":[{"start":{"line":256,"column":4},"end":{"line":256,"column":11}},{"start":{"line":256,"column":16},"end":{"line":256,"column":30}}]},"12":{"line":257,"type":"if","locations":[{"start":{"line":257,"column":4},"end":{"line":257,"column":4}},{"start":{"line":257,"column":4},"end":{"line":257,"column":4}}]},"13":{"line":268,"type":"if","locations":[{"start":{"line":268,"column":8},"end":{"line":268,"column":8}},{"start":{"line":268,"column":8},"end":{"line":268,"column":8}}]},"14":{"line":302,"type":"if","locations":[{"start":{"line":302,"column":4},"end":{"line":302,"column":4}},{"start":{"line":302,"column":4},"end":{"line":302,"column":4}}]}},"code":["/*eslint no-console: 0 */","'use strict'","","const EventEmitter = require('events').EventEmitter","const lib = require('./lib')","const i18next = require('i18next')","const NOOP = function () { }","","// inject Error and Resource types into the global namespace","lib.Core.assignGlobals()","","/**"," * The Trails Application. Merges the configuration and API resources"," * loads Trailpacks, initializes logging and event listeners."," */","module.exports = class TrailsApp extends EventEmitter {","","  /**","   * @param pkg The application package.json","   * @param app.api The application api (api/ folder)","   * @param app.config The application configuration (config/ folder)","   *","   * Initialize the Trails Application and its EventEmitter parentclass. Set","   * some necessary default configuration.","   */","  constructor (app) {","    super()","","    if (!app) {","      throw new RangeError('No app definition provided to Trails constructor')","    }","    if (!app.pkg) {","      throw new lib.Errors.PackageNotDefinedError()","    }","    if (!app.api) {","      throw new lib.Errors.ApiNotDefinedError()","    }","","    if (!process.env.NODE_ENV) {","      process.env.NODE_ENV = 'development'","    }","","    const processEnv = Object.freeze(JSON.parse(JSON.stringify(process.env)))","","    Object.defineProperties(this, {","      env: {","        enumerable: false,","        value: processEnv","      },","      pkg: {","        enumerable: false,","        value: app.pkg","      },","      versions: {","        enumerable: false,","        writable: false,","        configurable: false,","        value: process.versions","      },","      config: {","        value: new lib.Configuration(app.config, processEnv),","        configurable: true,","        writable: false","      },","      api: {","        value: app.api,","        writable: true,","        configurable: true","      },","      _trails: {","        enumerable: false,","        value: require('./package')","      },","      packs: {","        value: { }","      },","      loadedPacks: {","        enumerable: false,","        writable: true,","        value: [ ]","      },","      loadedModules: {","        enumerable: false,","        value: lib.Core.getExternalModules(this.pkg)","      },","      bound: {","        enumerable: false,","        writable: true,","        value: false","      },","      started: {","        enumerable: false,","        writable: true,","        value: false","      },","      stopped: {","        enumerable: false,","        writable: true,","        value: false","      },","      timers: {","        enumerable: false,","        writable: true,","        value: { }","      },","      models: {","        enumerable: true,","        writable: false,","        value: { }","      },","      services: {","        enumerable: true,","        writable: false,","        value: { }","      },","      controllers: {","        enumerable: true,","        writable: false,","        value: { }","      },","      policies: {","        enumerable: true,","        writable: false,","        value: { }","      },","      translate: {","        enumerable: false,","        writable: true","      }","    })","","    this.setMaxListeners(this.config.main.maxListeners)","","    // instantiate trailpacks","    this.config.main.packs.forEach(Pack => {","      try {","        new Pack(this)","      }","      catch (e) {","        throw new TrailpackError(Pack, e, 'constructor')","      }","    })","    this.loadedPacks = Object.keys(this.packs).map(name => this.packs[name])","","    // bind resource methods","    Object.assign(this.models, lib.Core.bindMethods(this, 'models'))","    Object.assign(this.services, lib.Core.bindMethods(this, 'services'))","    Object.assign(this.controllers, lib.Core.bindMethods(this, 'controllers'))","    Object.assign(this.policies, lib.Core.bindMethods(this, 'policies'))","  }","","  /**","   * Start the App. Load all Trailpacks.","   *","   * @return Promise","   */","  start () {","    lib.Core.bindListeners(this)","    lib.Trailpack.bindTrailpackPhaseListeners(this, this.loadedPacks)","    lib.Trailpack.bindTrailpackMethodListeners(this, this.loadedPacks)","","    // initialize i18n","    i18next.init(this.config.i18n, (err, t) => {","      if (err) {","        throw new Error(`Problem loading i18n: ${err}`)","      }","","      this.translate = t","      this.emit('trails:start')","    })","","    return this.after('trails:ready')","      .then(() => {","        this.started = true","        return this","      })","  }","","  /**","   * Shutdown. Unbind listeners, unload trailpacks.","   * @return Promise","   */","  stop (err) {","    this.stopped = true","    if (err) {","      this.log.error('\\n', err.stack || '')","    }","    if (!this.started) {","      this.log.error('The application did not boot successfully.')","      this.log.error('Try increasing the loglevel to \"debug\" to learn more')","    }","","    this.emit('trails:stop')","    lib.Core.unbindListeners(this)","","    return Promise.all(","      this.loadedPacks.map(pack => {","        this.log.debug('Unloading trailpack', pack.name, '...')","        return pack.unload()","      }))","      .then(() => {","        this.log.debug('All trailpacks unloaded. Done.')","        return this","      })","      .catch(err => {","        console.error(err)","        return this","      })","  }","","  /**","   * @override","   * Log app events for debugging","   */","  emit (event) {","    this.log.debug('trails event:', event)","    return super.emit.apply(this, arguments)","  }","","  /**","   * Resolve Promise once ANY of the events in the list have emitted. Also","   * accepts a callback.","   * @return Promise","   */","  onceAny (events, handler) {","    handler || (handler = NOOP)","    if (!Array.isArray(events)) {","      events = [events]","    }","","    let resolveCallback","    const handlerWrapper = function () {","      handler.apply(null, arguments)","      return arguments","    }","","    return Promise.race(events.map(eventName => {","      return new Promise(resolve => {","        resolveCallback = resolve","        this.once(eventName, resolveCallback)","      })","    }))","    .then(handlerWrapper)","    .then(args => {","      events.forEach(eventName => this.removeListener(eventName, resolveCallback))","      return args","    })","  }","","  /**","   * Resolve Promise once all events in the list have emitted. Also accepts","   * a callback.","   * @return Promise","   */","  after (events, handler) {","    handler || (handler = NOOP)","    if (!Array.isArray(events)) {","      events = [ events ]","    }","","    const handlerWrapper = (args) => {","      handler(args)","      return args","    }","","    return Promise.all(events.map(eventName => {","      return new Promise(resolve => {","        if (eventName instanceof Array){","          this.onceAny(eventName, resolve)","        }","        else {","          this.once(eventName, resolve)","        }","      })","    }))","    .then(handlerWrapper)","  }","","  /**","   * Prevent changes to the app configuration","   */","  freezeConfig () {","    this.config.freeze(this.loadedModules)","  }","","  /**","   * Allow changes to the app configuration","   */","  unfreezeConfig () {","    Object.defineProperties(this, {","      config: {","        value: new lib.Configuration(this.config.unfreeze(), this.env),","        configurable: true","      }","    })","  }","","  /**","   * Create any configured paths which may not already exist.","   */","  createPaths () {","    if (this.config.main.createPaths === false) {","      this.log.warn('createPaths is disabled. Configured paths will not be created')","    }","    return lib.Core.createDefaultPaths(this)","  }","","  /**","   * Expose the logger on the app object. The logger can be configured by","   * setting the \"config.log.logger\" config property.","   */","  get log () {","    return this.config.log.logger","  }","","  /**","   * Expose the i18n translator on the app object. Internationalization can be","   * configured in config.i18n","   */","  get __ () {","    return this.translate","  }","}",""],"l":{"4":1,"5":1,"6":1,"7":1,"10":1,"16":1,"27":0,"29":0,"30":0,"32":0,"33":0,"35":0,"36":0,"39":0,"40":0,"43":0,"45":0,"132":0,"135":0,"136":0,"137":0,"140":0,"143":0,"146":0,"147":0,"148":0,"149":0,"158":0,"159":0,"160":0,"163":0,"164":0,"165":0,"168":0,"169":0,"172":0,"174":0,"175":0,"184":0,"185":0,"186":0,"188":0,"189":0,"190":0,"193":0,"194":0,"196":0,"198":0,"199":0,"202":0,"203":0,"206":0,"207":0,"216":0,"217":0,"226":0,"227":0,"228":0,"231":0,"232":0,"233":0,"234":0,"237":0,"238":0,"239":0,"240":0,"245":0,"246":0,"256":0,"257":0,"258":0,"261":0,"262":0,"263":0,"266":0,"267":0,"268":0,"269":0,"272":0,"283":0,"290":0,"302":0,"303":0,"305":0,"313":0,"321":0}},"/home/travis/build/npmtest/node-npmtest-trails/node_modules/trails/lib/index.js":{"path":"/home/travis/build/npmtest/node-npmtest-trails/node_modules/trails/lib/index.js","s":{"1":1,"2":1,"3":1,"4":1,"5":1,"6":1,"7":1},"b":{},"f":{},"fnMap":{},"statementMap":{"1":{"start":{"line":3,"column":0},"end":{"line":3,"column":32}},"2":{"start":{"line":4,"column":0},"end":{"line":4,"column":42}},"3":{"start":{"line":5,"column":0},"end":{"line":5,"column":36}},"4":{"start":{"line":6,"column":0},"end":{"line":6,"column":44}},"5":{"start":{"line":7,"column":0},"end":{"line":7,"column":32}},"6":{"start":{"line":8,"column":0},"end":{"line":8,"column":38}},"7":{"start":{"line":9,"column":0},"end":{"line":9,"column":50}}},"branchMap":{},"code":["'use strict'","","exports.i18n = require('./i18n')","exports.Trailpack = require('./trailpack')","exports.Errors = require('./errors')","exports.Pathfinder = require('./pathfinder')","exports.Core = require('./core')","exports.Schemas = require('./schemas')","exports.Configuration = require('./Configuration')","//exports.ConfigProxy = require('./ConfigProxy')",""],"l":{"3":1,"4":1,"5":1,"6":1,"7":1,"8":1,"9":1}},"/home/travis/build/npmtest/node-npmtest-trails/node_modules/trails/lib/i18n.js":{"path":"/home/travis/build/npmtest/node-npmtest-trails/node_modules/trails/lib/i18n.js","s":{"1":1},"b":{},"f":{},"fnMap":{},"statementMap":{"1":{"start":{"line":3,"column":0},"end":{"line":5,"column":1}}},"branchMap":{},"code":["'use strict'","","module.exports = {","","}",""],"l":{"3":1}},"/home/travis/build/npmtest/node-npmtest-trails/node_modules/trails/lib/trailpack.js":{"path":"/home/travis/build/npmtest/node-npmtest-trails/node_modules/trails/lib/trailpack.js","s":{"1":1,"2":0,"3":0,"4":0,"5":0,"6":0,"7":0,"8":0,"9":0,"10":0,"11":0,"12":0,"13":0,"14":0,"15":0,"16":0,"17":0,"18":0,"19":0,"20":0,"21":0,"22":0,"23":0,"24":0,"25":0,"26":0,"27":0,"28":0,"29":0,"30":0,"31":0,"32":0,"33":0,"34":0,"35":0},"b":{},"f":{"1":0,"2":0},"fnMap":{"1":{"name":"(anonymous_1)","line":10,"loc":{"start":{"line":10,"column":30},"end":{"line":10,"column":43}}},"2":{"name":"(anonymous_2)","line":36,"loc":{"start":{"line":36,"column":31},"end":{"line":36,"column":44}}}},"statementMap":{"1":{"start":{"line":3,"column":0},"end":{"line":59,"column":1}},"2":{"start":{"line":11,"column":4},"end":{"line":11,"column":81}},"3":{"start":{"line":11,"column":46},"end":{"line":11,"column":80}},"4":{"start":{"line":12,"column":4},"end":{"line":12,"column":83}},"5":{"start":{"line":12,"column":47},"end":{"line":12,"column":82}},"6":{"start":{"line":13,"column":4},"end":{"line":13,"column":85}},"7":{"start":{"line":13,"column":48},"end":{"line":13,"column":84}},"8":{"start":{"line":15,"column":4},"end":{"line":18,"column":34}},"9":{"start":{"line":16,"column":18},"end":{"line":16,"column":35}},"10":{"start":{"line":17,"column":18},"end":{"line":17,"column":54}},"11":{"start":{"line":18,"column":20},"end":{"line":18,"column":33}},"12":{"start":{"line":20,"column":4},"end":{"line":22,"column":34}},"13":{"start":{"line":21,"column":18},"end":{"line":21,"column":53}},"14":{"start":{"line":22,"column":20},"end":{"line":22,"column":33}},"15":{"start":{"line":24,"column":4},"end":{"line":29,"column":34}},"16":{"start":{"line":26,"column":8},"end":{"line":26,"column":45}},"17":{"start":{"line":27,"column":8},"end":{"line":27,"column":32}},"18":{"start":{"line":29,"column":20},"end":{"line":29,"column":33}},"19":{"start":{"line":37,"column":4},"end":{"line":57,"column":6}},"20":{"start":{"line":38,"column":6},"end":{"line":38,"column":45}},"21":{"start":{"line":40,"column":6},"end":{"line":44,"column":67}},"22":{"start":{"line":41,"column":20},"end":{"line":41,"column":71}},"23":{"start":{"line":42,"column":20},"end":{"line":42,"column":37}},"24":{"start":{"line":43,"column":22},"end":{"line":43,"column":35}},"25":{"start":{"line":44,"column":20},"end":{"line":44,"column":66}},"26":{"start":{"line":46,"column":6},"end":{"line":50,"column":66}},"27":{"start":{"line":47,"column":20},"end":{"line":47,"column":70}},"28":{"start":{"line":48,"column":20},"end":{"line":48,"column":36}},"29":{"start":{"line":49,"column":22},"end":{"line":49,"column":35}},"30":{"start":{"line":50,"column":20},"end":{"line":50,"column":65}},"31":{"start":{"line":52,"column":6},"end":{"line":56,"column":65}},"32":{"start":{"line":53,"column":20},"end":{"line":53,"column":69}},"33":{"start":{"line":54,"column":20},"end":{"line":54,"column":35}},"34":{"start":{"line":55,"column":22},"end":{"line":55,"column":35}},"35":{"start":{"line":56,"column":20},"end":{"line":56,"column":64}}},"branchMap":{},"code":["'use strict'","","module.exports = {","","  /**","   * Bind lifecycle boundary event listeners. That is, when all trailpacks have","   * completed a particular phase, e.g. \"configure\" or \"initialize\", emit an","   * :all:<phase> event.","   */","  bindTrailpackPhaseListeners (app, packs) {","    const validatedEvents = packs.map(pack => `trailpack:${pack.name}:validated`)","    const configuredEvents = packs.map(pack => `trailpack:${pack.name}:configured`)","    const initializedEvents = packs.map(pack => `trailpack:${pack.name}:initialized`)","","    app.after(configuredEvents)","      .then(() => app.createPaths())","      .then(() => app.emit('trailpack:all:configured'))","      .catch(err => app.stop(err))","","    app.after(validatedEvents)","      .then(() => app.emit('trailpack:all:validated'))","      .catch(err => app.stop(err))","","    app.after(initializedEvents)","      .then(() => {","        app.emit('trailpack:all:initialized')","        app.emit('trails:ready')","      })","      .catch(err => app.stop(err))","  },","","  /**","   * Bind individual lifecycle method listeners. That is, when each trailpack","   * completes each lifecycle, fire individual events for those trailpacks.","   */","  bindTrailpackMethodListeners (app, packs) {","    packs.map(pack => {","      const lifecycle = pack.config.lifecycle","","      app.after(lifecycle.initialize.listen.concat('trailpack:all:configured'))","        .then(() => app.log.debug('trailpack: initializing', pack.name))","        .then(() => pack.initialize())","        .catch(err => app.stop(err))","        .then(() => app.emit(`trailpack:${pack.name}:initialized`))","","      app.after(lifecycle.configure.listen.concat('trailpack:all:validated'))","        .then(() => app.log.debug('trailpack: configuring', pack.name))","        .then(() => pack.configure())","        .catch(err => app.stop(err))","        .then(() => app.emit(`trailpack:${pack.name}:configured`))","","      app.after('trails:start')","        .then(() => app.log.debug('trailpack: validating', pack.name))","        .then(() => pack.validate())","        .catch(err => app.stop(err))","        .then(() => app.emit(`trailpack:${pack.name}:validated`))","    })","  }","}","",""],"l":{"3":1,"11":0,"12":0,"13":0,"15":0,"16":0,"17":0,"18":0,"20":0,"21":0,"22":0,"24":0,"26":0,"27":0,"29":0,"37":0,"38":0,"40":0,"41":0,"42":0,"43":0,"44":0,"46":0,"47":0,"48":0,"49":0,"50":0,"52":0,"53":0,"54":0,"55":0,"56":0}},"/home/travis/build/npmtest/node-npmtest-trails/node_modules/trails/lib/errors/index.js":{"path":"/home/travis/build/npmtest/node-npmtest-trails/node_modules/trails/lib/errors/index.js","s":{"1":1,"2":1,"3":1,"4":1,"5":1,"6":1,"7":1,"8":1,"9":1,"10":1,"11":1},"b":{},"f":{},"fnMap":{},"statementMap":{"1":{"start":{"line":1,"column":0},"end":{"line":1,"column":60}},"2":{"start":{"line":2,"column":0},"end":{"line":2,"column":66}},"3":{"start":{"line":3,"column":0},"end":{"line":3,"column":56}},"4":{"start":{"line":4,"column":0},"end":{"line":4,"column":68}},"5":{"start":{"line":5,"column":0},"end":{"line":5,"column":60}},"6":{"start":{"line":6,"column":0},"end":{"line":6,"column":66}},"7":{"start":{"line":7,"column":0},"end":{"line":7,"column":68}},"8":{"start":{"line":8,"column":0},"end":{"line":8,"column":68}},"9":{"start":{"line":9,"column":0},"end":{"line":9,"column":48}},"10":{"start":{"line":10,"column":0},"end":{"line":10,"column":52}},"11":{"start":{"line":11,"column":0},"end":{"line":11,"column":54}}},"branchMap":{},"code":["exports.ApiNotDefinedError = require('./ApiNotDefinedError')","exports.ConfigNotDefinedError = require('./ConfigNotDefinedError')","exports.ConfigValueError = require('./ConfigValueError')","exports.GraphCompletenessError = require('./GraphCompletenessError')","exports.IllegalAccessError = require('./IllegalAccessError')","exports.LoggerNotDefinedError = require('./LoggerNotDefinedError')","exports.NamespaceConflictError = require('./NamespaceConflictError')","exports.PackageNotDefinedError = require('./PackageNotDefinedError')","exports.TimeoutError = require('./TimeoutError')","exports.TrailpackError = require('./TrailpackError')","exports.ValidationError = require('./ValidationError')",""],"l":{"1":1,"2":1,"3":1,"4":1,"5":1,"6":1,"7":1,"8":1,"9":1,"10":1,"11":1}},"/home/travis/build/npmtest/node-npmtest-trails/node_modules/trails/lib/errors/ApiNotDefinedError.js":{"path":"/home/travis/build/npmtest/node-npmtest-trails/node_modules/trails/lib/errors/ApiNotDefinedError.js","s":{"1":1,"2":0,"3":0},"b":{},"f":{"1":0,"2":0},"fnMap":{"1":{"name":"(anonymous_1)","line":4,"loc":{"start":{"line":4,"column":13},"end":{"line":4,"column":16}}},"2":{"name":"(anonymous_2)","line":32,"loc":{"start":{"line":32,"column":11},"end":{"line":32,"column":14}}}},"statementMap":{"1":{"start":{"line":3,"column":0},"end":{"line":35,"column":1}},"2":{"start":{"line":5,"column":4},"end":{"line":29,"column":8}},"3":{"start":{"line":33,"column":4},"end":{"line":33,"column":31}}},"branchMap":{},"code":["'use strict'","","module.exports = class ApiNotDefinedError extends RangeError {","  constructor() {","    super(`","      \"api\" must be given to the Trails constructor, or to the start() method.","      Application cannot start.","","      e.g.","      1) Send \"api\" to the constructor","         const app = new TrailsApp({","           pkg: require('./package'),","     -->   api: require('./api
[...]
umn":36}},"3":{"start":{"line":5,"column":0},"end":{"line":5,"column":30}}},"branchMap":{},"code":["'use strict'","","exports.pkg = require('./package')","exports.config = require('./config')","exports.api = require('./api')",""],"l":{"3":2,"4":2,"5":0}},"/home/travis/build/npmtest/node-npmtest-trails/node_modules/trails/archetype/config/index.js":{"path":"/home/travis/build/npmtest/node-npmtest-trails/node_modules/trails/archetype/config/index.js","s":{"1":2,"2":0,"3":0,"4":0,"5":0,"6":0,"7":0,"8":0,"9":0},"b":{},"f":{},"fnMap":{},"statementMap":{"1":{"start":{"line":8,"column":0},"end":{"line":8,"column":30}},"2":{"start":{"line":9,"column":0},"end":{"line":9,"column":30}},"3":{"start":{"line":10,"column":0},"end":{"line":10,"column":32}},"4":{"start":{"line":12,"column":0},"end":{"line":12,"column":40}},"5":{"start":{"line":13,"column":0},"end":{"line":13,"column":32}},"6":{"start":{"line":14,"column":0},"end":{"line":14,"column":40}},"7":{"start":{"line":15,"column":0},"end":{"line":15,"column":36}},"8":{"start":{"line":16,"column":0},"end":{"line":16,"column":38}},"9":{"start":{"line":17,"column":0},"end":{"line":17,"column":34}}},"branchMap":{},"code":["/**"," * Trails Core Configuration"," * (app.config)"," */","","'use strict'","","exports.env = require('./env')","exports.log = require('./log')","exports.main = require('./main')","","exports.database = require('./database')","exports.i18n = require('./i18n')","exports.policies = require('./policies')","exports.routes = require('./routes')","exports.session = require('./session')","exports.views = require('./views')",""],"l":{"8":2,"9":0,"10":0,"12":0,"13":0,"14":0,"15":0,"16":0,"17":0}},"/home/travis/build/npmtest/node-npmtest-trails/node_modules/trails/archetype/config/env/index.js":{"path":"/home/travis/build/npmtest/node-npmtest-trails/node_modules/trails/archetype/config/env/index.js","s":{"1":2,"2":2,"3":2,"4":0},"b":{},"f":{},"fnMap":{},"statementMap":{"1":{"start":{"line":3,"column":0},"end":{"line":3,"column":46}},"2":{"start":{"line":4,"column":0},"end":{"line":4,"column":38}},"3":{"start":{"line":5,"column":0},"end":{"line":5,"column":44}},"4":{"start":{"line":6,"column":0},"end":{"line":6,"column":38}}},"branchMap":{},"code":["'use strict'","","exports.development = require('./development')","exports.staging = require('./staging')","exports.production = require('./production')","exports.testing = require('./testing')",""],"l":{"3":2,"4":2,"5":2,"6":0}},"/home/travis/build/npmtest/node-npmtest-trails/node_modules/trails/archetype/config/env/development.js":{"path":"/home/travis/build/npmtest/node-npmtest-trails/node_modules/trails/archetype/config/env/development.js","s":{"1":1},"b":{},"f":{},"fnMap":{},"statementMap":{"1":{"start":{"line":3,"column":0},"end":{"line":3,"column":19}}},"branchMap":{},"code":["'use strict'","","module.exports = {}",""],"l":{"3":1}},"/home/travis/build/npmtest/node-npmtest-trails/node_modules/trails/archetype/config/env/staging.js":{"path":"/home/travis/build/npmtest/node-npmtest-trails/node_modules/trails/archetype/config/env/staging.js","s":{"1":1},"b":{},"f":{},"fnMap":{},"statementMap":{"1":{"start":{"line":3,"column":0},"end":{"line":3,"column":19}}},"branchMap":{},"code":["'use strict'","","module.exports = {}",""],"l":{"3":1}},"/home/travis/build/npmtest/node-npmtest-trails/node_modules/trails/archetype/config/env/production.js":{"path":"/home/travis/build/npmtest/node-npmtest-trails/node_modules/trails/archetype/config/env/production.js","s":{"1":4,"2":0},"b":{},"f":{},"fnMap":{},"statementMap":{"1":{"start":{"line":3,"column":0},"end":{"line":3,"column":34}},"2":{"start":{"line":5,"column":0},"end":{"line":37,"column":1}}},"branchMap":{},"code":["'use strict'","","const winston = require('winston')","","module.exports = {","","  trailpack: {","    disabled: [","      'repl'","    ]","  },","","  log: {","    logger: new winston.Logger({","      level: 'info',","      exitOnError: false,","      transports: [","        new winston.transports.Console({","          timestamp: true","        }),","        new winston.transports.File({","          name: 'info-file',","          level: 'info',","          filename: 'trails-info.log',","          timestamp: true","        }),","        new winston.transports.File({","          name: 'error-file',","          level: 'error',","          filename: 'trails-error.log',","          timestamp: true","        })","      ]","    })","  }","","}",""],"l":{"3":4,"5":0}},"/home/travis/build/npmtest/node-npmtest-trails/node_modules/trails/lib/motd.js":{"path":"/home/travis/build/npmtest/node-npmtest-trails/node_modules/trails/lib/motd.js","s":{"1":1,"2":1,"3":0,"4":0,"5":0,"6":0,"7":0},"b":{"1":[0,0],"2":[0,0],"3":[0,0],"4":[0,0],"5":[0,0],"6":[0,0],"7":[0,0],"8":[0,0],"9":[0,0]},"f":{"1":0,"2":0,"3":0},"fnMap":{"1":{"name":"(anonymous_1)","line":11,"loc":{"start":{"line":11,"column":10},"end":{"line":11,"column":16}}},"2":{"name":"(anonymous_2)","line":27,"loc":{"start":{"line":27,"column":10},"end":{"line":27,"column":16}}},"3":{"name":"(anonymous_3)","line":47,"loc":{"start":{"line":47,"column":10},"end":{"line":47,"column":16}}}},"statementMap":{"1":{"start":{"line":2,"column":0},"end":{"line":2,"column":27}},"2":{"start":{"line":4,"column":0},"end":{"line":84,"column":1}},"3":{"start":{"line":12,"column":6},"end":{"line":13,"column":107}},"4":{"start":{"line":14,"column":6},"end":{"line":22,"column":7}},"5":{"start":{"line":28,"column":6},"end":{"line":37,"column":7}},"6":{"start":{"line":48,"column":6},"end":{"line":54,"column":7}},"7":{"start":{"line":53,"column":57},"end":{"line":53,"column":66}}},"branchMap":{"1":{"line":12,"type":"binary-expr","locations":[{"start":{"line":12,"column":22},"end":{"line":12,"column":54}},{"start":{"line":13,"column":10},"end":{"line":13,"column":107}}]},"2":{"line":13,"type":"binary-expr","locations":[{"start":{"line":13,"column":20},"end":{"line":13,"column":49}},{"start":{"line":13,"column":53},"end":{"line":13,"column":64}}]},"3":{"line":13,"type":"binary-expr","locations":[{"start":{"line":13,"column":68},"end":{"line":13,"column":97}},{"start":{"line":13,"column":101},"end":{"line":13,"column":105}}]},"4":{"line":30,"type":"binary-expr","locations":[{"start":{"line":30,"column":32},"end":{"line":30,"column":65}},{"start":{"line":30,"column":69},"end":{"line":30,"column":84}}]},"5":{"line":31,"type":"cond-expr","locations":[{"start":{"line":31,"column":68},"end":{"line":31,"column":107}},{"start":{"line":31,"column":110},"end":{"line":31,"column":115}}]},"6":{"line":33,"type":"binary-expr","locations":[{"start":{"line":33,"column":32},"end":{"line":33,"column":63}},{"start":{"line":33,"column":67},"end":{"line":33,"column":82}}]},"7":{"line":34,"type":"binary-expr","locations":[{"start":{"line":34,"column":32},"end":{"line":34,"column":65}},{"start":{"line":34,"column":69},"end":{"line":34,"column":84}}]},"8":{"line":35,"type":"binary-expr","locations":[{"start":{"line":35,"column":32},"end":{"line":35,"column":61}},{"start":{"line":35,"column":65},"end":{"line":35,"column":70}}]},"9":{"line":36,"type":"binary-expr","locations":[{"start":{"line":36,"column":33},"end":{"line":36,"column":43}},{"start":{"line":36,"column":47},"end":{"line":36,"column":50}}]}},"code":["/*eslint max-len: 0 */","const _ = require('lodash')","","module.exports = {","  hr: '---------------------------------------------------------------',","","  info: {","    start: 'Starting...',","    stop: 'Shutting down...',","    initialized: 'All trailpacks are loaded.',","    ready (app) {","      const baseUrl = _.get(app.config, 'web.baseUrl') ||","          `http://${_.get(app.config, 'web.host') || 'localhost'}:${_.get(app.config, 'web.port') || '80'}`","      return (","        `---------------------------------------------------------------","        ${new Date()}","        Basic Info","          Application       : ${app.pkg.name}","          Application root  : ${baseUrl}","          Version           : ${app.pkg.version}","          Environment       : ${process.env.NODE_ENV}`","      )","    }","  },","","  debug: {","    ready (app) {","      return (","        ` Database Info","          ORM               : ${_.get(app.config, 'database.orm') || 'NOT INSTALLED'}","          Stores            : ${_.get(app.config, 'database.orm') ? Object.keys(app.config.database.stores) : 'N/A'}","        Web Server Info","          Server            : ${_.get(app.config, 'web.server') || 'NOT INSTALLED'}","          View Engine       : ${_.get(app.config, 'views.engine') || 'NOT INSTALLED'}","          Port              : ${_.get(app.config, 'web.port') || 'N/A'}","          Routes            : ${(app.routes || [ ]).length}`","      )","    }","  },","","  silly: {","    stop: `","      Happy trails to you, until we meet again.","      - Dale Evans","    `,","","    ready (app) {","      return (","        ` API","          Models            : ${_.keys(app.api.models)}","          Controllers       : ${_.keys(app.api.controllers)}","          Policies          : ${_.keys(app.api.policies)}","          Trailpacks        : ${_.map(app.packs, pack => pack.name)}`","      )","    },","","    initialized: `","                 ..@@@@..                   .@.                                                  @@","            .@@@@@@@@@@@@@@@@.              @@@                                                  @@","         .@@@@'            '@@@@.           @@@                                                  @@","       @@@@                    @@@@         @@@                                           ..     @@","     .@@;                        '@@.       @@@                                         .@@@@.   @@","    @@@    .@@@.         .@@@@.    @@@      @@@@@@@@@  @@@@@@@@@  @@@@@@@@@  @@@@@@@@  @@'  '@@  @@","   @@'   .@@@@@@@.     .@@@@@@@@    '@@     @@@@@@@@@  @@@@@@@@@  @@@@@@@@@  @@@@@@@@  @@.  .@@  @@","  @@'   @@@@@@@@@@@   :@@@@@@@@@@    '@@    @@@                                         '@@@@'   @@"," @@@   :@@@@@@@@@@@.  @@@@@@@@@@@@    @@@   @@@                                           ''     @@"," @@    @@@@@'@@@@@@@ :@@@@'@@@@@@@     @@   @@@                                                  @@       .@@@@@@@@@@@.",".@@    @@@@@ @@@@@@@ :@@@@ @@@@@@@     @@:  @@@   @@    .@@@@@@@    .@@@@@@@              @@     @@    .@@@@@@@@@@@@@@'","@@@     @@@' @@@@@@.  @@@@ @@@@@@@     @@+  @@@   @@ .@@@@:      .@@@@'                   @@     @@   @@@'","@@@      @@  @@@@@     '@' @@@@@'      @@:  @@@   @@@@@'        @@@'                      @@     @@  .@@","'@@          @@            @@          @@   @@@   @@@@         @@@                        @@     @@  @@@"," @@.         @@            @@         .@@   @@@   @@@         @@@                         @@     @@  .@@.","  @@.        '@@@.         @@        .@@    @@@   @@@         @@'                    ..          @@   .@@@@......","  '@@          '@@@@@@@@@@.@@       .@@'    @@@   @@'         @@.                   .@@          @@     .@@@@@@@@@@@.","   '@@.                  @@@@      .@@'     @@@   @@'         @@@                   +@@   @@     @@              '@@@.","     @@@.                 '@@     @@@       @@@   @@'         '@@.                 .@@@   @@     @@                 @@@","      '@@@.                @@  .@@@'        @@@   @@'          '@@.               .@@@@   @@     @@                 @@@","        .@@@@.             @@@@@@'          @@@   @@'           '@@@.           .@@@ @@   @@     @@                @@@","           .@@@@@@@.....   @@@.             @@@   @@'             '@@@@@.....@@@@@'  @@   @@     @@  .@@@@@@@@@@@@@@@","               '@@@@@@@@                    @@@   @@.                '@@@@@@@@@'     @@   @@     @@  '@@@@@@@@@@@@'","","    `","  }","}","",""],"l":{"2":1,"4":1,"12":0,"14":0,"28":0,"48":0,"53":0}},"/home/travis/build/npmtest/node-npmtest-trails/node_modules/trails/archetype/config/database.js":{"path":"/home/travis/build/npmtest/node-npmtest-trails/node_modules/trails/archetype/config/database.js","s":{"1":1},"b":{},"f":{},"fnMap":{},"statementMap":{"1":{"start":{"line":12,"column":0},"end":{"line":42,"column":1}}},"branchMap":{},"code":["/**"," * Database Configuration"," * (app.config.database)"," *"," * Configure the ORM layer, connections, etc."," *"," * @see {@link http://trailsjs.io/doc/config/database}"," */","","'use strict'","","module.exports = {","","  /**","   * Define the database stores. A store is typically a single database.","   *","   * Use the SQLite3 by default for development purposes.","   *","   * Set production connection info in config/env/production.js","   */","  stores: {","","    /**","     * Define a store called \"local\" which uses SQLite3 to persist data.","     *","     * To use this store, uncomment the \"sqlitedev\" store section below, and","     * run \"npm install --save waterline-sqlite3\"","     */","","    /*","     dev: {","      adapter: require('waterline-sqlite3'),","      migrate: 'alter'","    }","     */","  },","","  models: {","    defaultStore: 'dev',","    migrate: 'alter'","  }","}",""],"l":{"12":1}},"/home/travis/build/npmtest/node-npmtest-trails/node_modules/trails/archetype/config/main.js":{"path":"/home/travis/build/npmtest/node-npmtest-trails/node_modules/trails/archetype/config/main.js","s":{"1":2,"2":2},"b":{},"f":{},"fnMap":{},"statementMap":{"1":{"start":{"line":10,"column":0},"end":{"line":10,"column":28}},"2":{"start":{"line":12,"column":0},"end":{"line":31,"column":1}}},"branchMap":{},"code":["/**"," * Trailpack Configuration"," * (app.config.main)"," *"," * @see http://trailsjs.io/doc/config/main"," */","","'use strict'","","const path = require('path')","","module.exports = {","","  /**","   * Order does *not* matter. Each module is loaded according to its own","   * requirements.","   */","  packs: [","    require('trailpack-repl'),","    require('trailpack-router'),","    require('<%- trailpacks %>')","  ],","","  /**","   * Define application paths here. \"root\" is the only required path.","   */","  paths: {","    root: path.resolve(__dirname, '..'),","    temp: path.resolve(__dirname, '..', '.tmp')","  }","}",""],"l":{"10":2,"12":2}},"/home/travis/build/npmtest/node-npmtest-trails/node_modules/trails/archetype/config/policies.js":{"path":"/home/travis/build/npmtest/node-npmtest-trails/node_modules/trails/archetype/config/policies.js","s":{"1":1},"b":{},"f":{},"fnMap":{},"statementMap":{"1":{"start":{"line":15,"column":0},"end":{"line":21,"column":1}}},"branchMap":{},"code":["/**"," * Policies Configuration"," * (app.config.footprints)"," *"," * Define which prerequisites a request must pass before reaching the intended"," * controller action. By default, no policies are configured for controllers or"," * footprints, therefore the request always will directly reach the intended"," * handler."," *"," * @see http://trailsjs.io/doc/config/policies"," */","","'use strict'","","module.exports = {","","  DefaultController: {","    info: [ ]","  }","","}",""],"l":{"15":1}},"/home/travis/build/npmtest/node-npmtest-trails/node_modules/trails/archetype/config/routes.js":{"path":"/home/travis/build/npmtest/node-npmtest-trails/node_modules/trails/archetype/config/routes.js","s":{"1":1},"b":{},"f":{},"fnMap":{},"statementMap":{"1":{"start":{"line":12,"column":0},"end":{"line":31,"column":1}}},"branchMap":{},"code":["/**"," * Routes Configuration"," * (trails.config.routes)"," *"," * Configure how routes map to views and controllers."," *"," * @see http://trailsjs.io/doc/config/routes.js"," */","","'use strict'","","module.exports = [","","  /**","   * Render the HelloWorld view","   */","  {","    method: 'GET',","    path: '/',","    handler: 'ViewController.helloWorld'","  },","","  /**","   * Constrain the DefaultController.info handler to accept only GET requests.","   */","  {","    method: [ 'GET' ],","    path: '/api/v1/default/info',","    handler: 'DefaultController.info'","  }","]",""],"l":{"12":1}},"/home/travis/build/npmtest/node-npmtest-trails/node_modules/trails/archetype/config/session.js":{"path":"/home/travis/build/npmtest/node-npmtest-trails/node_modules/trails/archetype/config/session.js","s":{"1":1},"b":{},"f":{},"fnMap":{},"statementMap":{"1":{"start":{"line":10,"column":0},"end":{"line":33,"column":1}}},"branchMap":{},"code":["/**"," * Session Configuration"," * (app.config.session)"," *"," * @see http://trailsjs.io/doc/config/session.js"," */","","'use strict'","","module.exports = {","","  /**","   * Define the session implementation, e.g. 'jwt' or 'cookie'","   */","  strategy: 'jwt',","","  /**","   * Define jwt-specific options","   */","  jwt: {","    secret: '',","    connection: 'localStorage',","    model: 'WebToken'","  },","","  /**","   * Define cookie-specific options","   */","  cookie: {","    maxAge: 24 * 60 * 60 * 1000","  }","","}",""],"l":{"10":1}},"/home/travis/build/npmtest/node-npmtest-trails/node_modules/trails/archetype/config/views.js":{"path":"/home/travis/build/npmtest/node-npmtest-trails/node_modules/trails/archetype/config/views.js","s":{"1":1},"b":{},"f":{},"fnMap":{},"statementMap":{"1":{"start":{"line":10,"column":0},"end":{"line":12,"column":1}}},"branchMap":{},"code":["/**"," * Views Configuration"," * (app.config.views)"," *"," * @see http://trailsjs.io/doc/config/views.js"," */","","'use strict'","","module.exports = {","","}",""],"l":{"10":1}},"/home/travis/build/npmtest/node-npmtest-trails/node_modules/trails/archetype/api/services/DefaultService.js":{"path":"/home/travis/build/npmtest/node-npmtest-trails/node_modules/trails/archetype/api/services/DefaultService.js","s":{"1":1,"2":1,"3":0,"4":0,"5":0,"6":0,"7":0,"8":0},"b":{"1":[0,0]},"f":{"1":0},"fnMap":{"1":{"name":"(anonymous_1)","line":17,"loc":{"start":{"line":17,"column":20},"end":{"line":17,"column":23}}}},"statementMap":{"1":{"start":{"line":3,"column":0},"end":{"line":3,"column":41}},"2":{"start":{"line":12,"column":0},"end":{"line":35,"column":1}},"3":{"start":{"line":18,"column":4},"end":{"line":18,"column":25}},"4":{"start":{"line":19,"column":4},"end":{"line":27,"column":6}},"5":{"start":{"line":20,"column":6},"end":{"line":26,"column":7}},"6":{"start":{"line":21,"column":8},"end":{"line":21,"column":45}},"7":{"start":{"line":22,"column":8},"end":{"line":25,"column":10}},"8":{"start":{"line":28,"column":4},"end":{"line":33,"column":5}}},"branchMap":{"1":{"line":20,"type":"if","locations":[{"start":{"line":20,"column":6},"end":{"line":20,"column":6}},{"start":{"line":20,"column":6},"end":{"line":20,"column":6}}]}},"code":["'use strict'","","const Service = require('trails/service')","","/**"," * @module DefaultService"," *"," * @description Default Service included with a new Trails app"," * @see {@link http://trailsjs.io/doc/api/services}"," * @this TrailsApp"," */","module.exports = class DefaultService extends Service {","","  /**","   * Return some info about this application","   */","  getApplicationInfo() {","    const trailpacks = []","    Object.keys(this.app.packs).forEach(packName => {","      if (packName != 'inspect') {","        const pack = this.app.packs[packName]","        trailpacks.push({","          name: pack.name,","          version: pack.pkg.version","        })","      }","    })","    return {","      app: this.app.pkg.version,","      node: process.version,","      libs: process.versions,","      trailpacks: trailpacks","    }","  }","}",""],"l":{"3":1,"12":1,"18":0,"19":0,"20":0,"21":0,"22":0,"28":0}},"/home/travis/build/npmtest/node-npmtest-trails/node_modules/trails/archetype/config/env/testing.js":{"path":"/home/travis/build/npmtest/node-npmtest-trails/node_modules/trails/archetype/config/env/testing.js","s":{"1":1},"b":{},"f":{},"fnMap":{},"statementMap":{"1":{"start":{"line":3,"column":0},"end":{"line":10,"column":1}}},"branchMap":{},"code":["'use strict'","","module.exports = {","","  trailpack: {","    disabled: [","      'repl'","    ]","  }","}",""],"l":{"3":1}}}